[FmtLog] Start Log Thread Affinity Success! Cpu Core:14
15:56:11.473416 PsiRunner.cpp:37 INF[5747  ] PsiRunner::config read config.yaml
15:56:11.474926 PsiRunner.cpp:88 INF[5747  ] PsiRunner::config Read basefiles
15:56:11.475004 PsiFactorPipeline.cpp:35 INF[5747  ] PsiFactorPipeline::init 4 factor tasks, 1 workers.
15:56:11.475004 PsiRunner.cpp:170 INF[5747  ] PsiRunner::run start file:/root/work/Code1/dataset/original/original/S1020301022014010220140102_0_N.parquet.
15:56:11.475124 PsiStockThread.cpp:28 INF[5750  ] PsiStockThread::run pthread_setaffinity_np success, cpuCore:18
Loaded 15:56:11.883273 PsiReadWrite.cpp:149 INF[5747  ] readParquet ReadTable cost time :378,filename:/root/work/Code1/dataset/original/original/S1020301022014010220140102_0_N.parquet.
6512302 rows in 47 columns.
Unique stock codes: 2348
15:56:31.768662 PsiReadWrite.cpp:362 INF[5747  ] readParquet handlerData cost time :19885474926 PsiRunner.cpp:88 INF[5747  ] PsiRunner::config Read basefiles
15:56:11.475004 PsiFactorPipeline.cpp:35 INF[5747  ] PsiFactorPipeline::init 4 factor tasks, 1 workers.
15:56:11.475004 PsiRunner.cpp:170 INF[5747  ] PsiRunner::run start file:/root/work/Code1/dataset/original/original/S1020301022014010220140102_0_N.parquet.
15:56:11.475124 PsiStockThread.cpp:28 INF[5750  ] PsiStockThread::run pthread_setaffinity_np success, cpuCore:18
15:56:11.883273 PsiReadWrite.cpp:149 INF[5747  ] readParquet ReadTable cost time :378,filename:/root/work/Code1/dataset/original/original/S1020301022014010220140102_0_N.parquet.

15:56:31.769307 PsiFactorPipeline.cpp:116 INF[5747  ] compute factor factorType:5447, nType:1, mType:0.pp:35 INF[5747  ] PsiFactorPipeline::init 4 factor tasks, 1 workers.
15:56:11.475004 PsiRunner.cpp:170 INF[5747  ] PsiRunner::run start file:/root/work/Code1/dataset/original/original/S1020301022014010220140102_0_N.parquet.
15:56:11.475124 PsiStockThread.cpp:28 INF[5750  ] PsiStockThread::run pthread_setaffinity_np success, cpuCore:18
15:56:11.883273 PsiReadWrite.cpp:149 INF[5747  ] readParquet ReadTable cost time :378,filename:/root/work/Code1/dataset/original/original/S1020301022014010220140102_0_N.parquet.

15:56:32.881419 PsiFactorPipeline.cpp:142 INF[5747  ] compute factorType:5447 done, cost:1112mspp:170 INF[5747  ] PsiRunner::run start file:/root/work/Code1/dataset/original/original/S1020301022014010220140102_0_N.parquet.
15:56:11.475124 PsiStockThread.cpp:28 INF[5750  ] PsiStockThread::run pthread_setaffinity_np success, cpuCore:18
15:56:11.883273 PsiReadWrite.cpp:149 INF[5747  ] readParquet ReadTable cost time :378,filename:/root/work/Code1/dataset/original/original/S1020301022014010220140102_0_N.parquet.

15:56:35.620660 PsiReadWrite.cpp:377 INF[5747  ] readParquet generate_table and write cost time :27399307 PsiFactorPipeline.cpp:116 INF[5747  ] compute factor factorType:5447, nType:1, mType:0.
15:56:32.881419 PsiFactorPipeline.cpp:142 INF[5747  ] compute factorType:5447 done, cost:1112ms
p:170 INF[5747  ] PsiRunner::run start file:/root/work/Code1/dataset/original/original/S1020301022014010220140102_0_N.parquet.
15:56:11.475124 PsiStockThread.cpp:28 INF[5750  ] PsiStockThread::run pthread_setaffinity_np success, cpuCore:18
15:56:11.883273 PsiReadWrite.cpp:149 INF[5747  ] readParquet ReadTable cost time :378,filename:/root/work/Code1/dataset/original/original/S1020301022014010220140102_0_N.parquet.

15:56:35.687165 PsiReadWrite.cpp:392 INF[5747  ] readParquet clearData cost time :67Type:0.
15:56:32.881419 PsiFactorPipeline.cpp:142 INF[5747  ] compute factorType:5447 done, cost:1112ms
p:170 INF[5747  ] PsiRunner::run start file:/root/work/Code1/dataset/original/original/S1020301022014010220140102_0_N.parquet.
15:56:11.475124 PsiStockThread.cpp:28 INF[5750  ] PsiStockThread::run pthread_setaffinity_np success, cpuCore:18
15:56:11.883273 PsiReadWrite.cpp:149 INF[5747  ] readParquet ReadTable cost time :378,filename:/root/work/Code1/dataset/original/original/S1020301022014010220140102_0_N.parquet.

15:56:35.687256 PsiFactorPipeline.cpp:116 INF[5747  ] compute factor factorType:5448, nType:3, mType:0.p:170 INF[5747  ] PsiRunner::run start file:/root/work/Code1/dataset/original/original/S1020301022014010220140102_0_N.parquet.
15:56:11.475124 PsiStockThread.cpp:28 INF[5750  ] PsiStockThread::run pthread_setaffinity_np success, cpuCore:18
15:56:11.883273 PsiReadWrite.cpp:149 INF[5747  ] readParquet ReadTable cost time :378,filename:/root/work/Code1/dataset/original/original/S1020301022014010220140102_0_N.parquet.

15:56:36.776934 PsiFactorPipeline.cpp:142 INF[5747  ] compute factorType:5448 done, cost:1089ms22014010220140102_0_N.parquet.
15:56:11.475124 PsiStockThread.cpp:28 INF[5750  ] PsiStockThread::run pthread_setaffinity_np success, cpuCore:18
15:56:11.883273 PsiReadWrite.cpp:149 INF[5747  ] readParquet ReadTable cost time :378,filename:/root/work/Code1/dataset/original/original/S1020301022014010220140102_0_N.parquet.

15:56:39.577583 PsiReadWrite.cpp:377 INF[5747  ] readParquet generate_table and write cost time :2801
15:56:35.687165 PsiReadWrite.cpp:392 INF[5747  ] readParquet clearData cost time :67
15:56:35.687256 PsiFactorPipeline.cpp:116 INF[5747  ] compute factor factorType:5448, nType:3, mType:0.
15:56:36.776934 PsiFactorPipeline.cpp:142 INF[5747  ] compute factorType:5448 done, cost:1089ms
2014010220140102_0_N.parquet.
15:56:11.475124 PsiStockThread.cpp:28 INF[5750  ] PsiStockThread::run pthread_setaffinity_np success, cpuCore:18
15:56:11.883273 PsiReadWrite.cpp:149 INF[5747  ] readParquet ReadTable cost time :378,filename:/root/work/Code1/dataset/original/original/S1020301022014010220140102_0_N.parquet.

15:56:39.645507 PsiReadWrite.cpp:392 INF[5747  ] readParquet clearData cost time :68
15:56:35.687256 PsiFactorPipeline.cpp:116 INF[5747  ] compute factor factorType:5448, nType:3, mType:0.
15:56:36.776934 PsiFactorPipeline.cpp:142 INF[5747  ] compute factorType:5448 done, cost:1089ms
2014010220140102_0_N.parquet.
15:56:11.475124 PsiStockThread.cpp:28 INF[5750  ] PsiStockThread::run pthread_setaffinity_np success, cpuCore:18
15:56:11.883273 PsiReadWrite.cpp:149 INF[5747  ] readParquet ReadTable cost time :378,filename:/root/work/Code1/dataset/original/original/S1020301022014010220140102_0_N.parquet.

15:56:39.645601 PsiFactorPipeline.cpp:116 INF[5747  ] compute factor factorType:5449, nType:5, mType:0.
15:56:36.776934 PsiFactorPipeline.cpp:142 INF[5747  ] compute factorType:5448 done, cost:1089ms
2014010220140102_0_N.parquet.
15:56:11.475124 PsiStockThread.cpp:28 INF[5750  ] PsiStockThread::run pthread_setaffinity_np success, cpuCore:18
15:56:11.883273 PsiReadWrite.cpp:149 INF[5747  ] readParquet ReadTable cost time :378,filename:/root/work/Code1/dataset/original/original/S1020301022014010220140102_0_N.parquet.

15:56:40.801295 PsiFactorPipeline.cpp:142 INF[5747  ] compute factorType:5449 done, cost:1156ms
2014010220140102_0_N.parquet.
15:56:11.475124 PsiStockThread.cpp:28 INF[5750  ] PsiStockThread::run pthread_setaffinity_np success, cpuCore:18
15:56:11.883273 PsiReadWrite.cpp:149 INF[5747  ] readParquet ReadTable cost time :378,filename:/root/work/Code1/dataset/original/original/S1020301022014010220140102_0_N.parquet.

15:56:43.665998 PsiReadWrite.cpp:377 INF[5747  ] readParquet generate_table and write cost time :2864
15:56:39.645507 PsiReadWrite.cpp:392 INF[5747  ] readParquet clearData cost time :68
15:56:39.645601 PsiFactorPipeline.cpp:116 INF[5747  ] compute factor factorType:5449, nType:5, mType:0.
15:56:40.801295 PsiFactorPipeline.cpp:142 INF[5747  ] compute factorType:5449 done, cost:1156ms
2014010220140102_0_N.parquet.
15:56:11.475124 PsiStockThread.cpp:28 INF[5750  ] PsiStockThread::run pthread_setaffinity_np success, cpuCore:18
15:56:11.883273 PsiReadWrite.cpp:149 INF[5747  ] readParquet ReadTable cost time :378,filename:/root/work/Code1/dataset/original/original/S1020301022014010220140102_0_N.parquet.

15:56:43.732639 PsiReadWrite.cpp:392 INF[5747  ] readParquet clearData cost time :67
15:56:39.645601 PsiFactorPipeline.cpp:116 INF[5747  ] compute factor factorType:5449, nType:5, mType:0.
15:56:40.801295 PsiFactorPipeline.cpp:142 INF[5747  ] compute factorType:5449 done, cost:1156ms
2014010220140102_0_N.parquet.
15:56:11.475124 PsiStockThread.cpp:28 INF[5750  ] PsiStockThread::run pthread_setaffinity_np success, cpuCore:18
15:56:11.883273 PsiReadWrite.cpp:149 INF[5747  ] readParquet ReadTable cost time :378,filename:/root/work/Code1/dataset/original/original/S1020301022014010220140102_0_N.parquet.

15:56:43.732731 PsiFactorPipeline.cpp:116 INF[5747  ] compute factor factorType:5450, nType:10, mType:0.15:56:40.801295 PsiFactorPipeline.cpp:142 INF[5747  ] compute factorType:5449 done, cost:1156ms
2014010220140102_0_N.parquet.
15:56:11.475124 PsiStockThread.cpp:28 INF[5750  ] PsiStockThread::run pthread_setaffinity_np success, cpuCore:18
15:56:11.883273 PsiReadWrite.cpp:149 INF[5747  ] readParquet ReadTable cost time :378,filename:/root/work/Code1/dataset/original/original/S1020301022014010220140102_0_N.parquet.

15:56:44.963876 PsiFactorPipeline.cpp:142 INF[5747  ] compute factorType:5450 done, cost:1231ms2014010220140102_0_N.parquet.
15:56:11.475124 PsiStockThread.cpp:28 INF[5750  ] PsiStockThread::run pthread_setaffinity_np success, cpuCore:18
15:56:11.883273 PsiReadWrite.cpp:149 INF[5747  ] readParquet ReadTable cost time :378,filename:/root/work/Code1/dataset/original/original/S1020301022014010220140102_0_N.parquet.

15:56:47.853468 PsiReadWrite.cpp:377 INF[5747  ] readParquet generate_table and write cost time :2890
15:56:43.732639 PsiReadWrite.cpp:392 INF[5747  ] readParquet clearData cost time :67
15:56:43.732731 PsiFactorPipeline.cpp:116 INF[5747  ] compute factor factorType:5450, nType:10, mType:0.
15:56:44.963876 PsiFactorPipeline.cpp:142 INF[5747  ] compute factorType:5450 done, cost:1231ms
014010220140102_0_N.parquet.
15:56:11.475124 PsiStockThread.cpp:28 INF[5750  ] PsiStockThread::run pthread_setaffinity_np success, cpuCore:18
15:56:11.883273 PsiReadWrite.cpp:149 INF[5747  ] readParquet ReadTable cost time :378,filename:/root/work/Code1/dataset/original/original/S1020301022014010220140102_0_N.parquet.

15:56:47.919925 PsiReadWrite.cpp:392 INF[5747  ] readParquet clearData cost time :66
15:56:43.732731 PsiFactorPipeline.cpp:116 INF[5747  ] compute factor factorType:5450, nType:10, mType:0.
15:56:44.963876 PsiFactorPipeline.cpp:142 INF[5747  ] compute factorType:5450 done, cost:1231ms
014010220140102_0_N.parquet.
15:56:11.475124 PsiStockThread.cpp:28 INF[5750  ] PsiStockThread::run pthread_setaffinity_np success, cpuCore:18
15:56:11.883273 PsiReadWrite.cpp:149 INF[5747  ] readParquet ReadTable cost time :378,filename:/root/work/Code1/dataset/original/original/S1020301022014010220140102_0_N.parquet.

15:56:47.919962 PsiRunner.cpp:170 INF[5747  ] PsiRunner::run start file:/root/work/Code1/dataset/original/original/S1020301022014010320140103_0_N.parquet.7  ] compute factorType:5450 done, cost:1231ms
014010220140102_0_N.parquet.
15:56:11.475124 PsiStockThread.cpp:28 INF[5750  ] PsiStockThread::run pthread_setaffinity_np success, cpuCore:18
15:56:11.883273 PsiReadWrite.cpp:149 INF[5747  ] readParquet ReadTable cost time :378,filename:/root/work/Code1/dataset/original/original/S1020301022014010220140102_0_N.parquet.

Loaded 6683386 rows in 47 columns.15:56:49.778083 PsiReadWrite.cpp:149 INF[5747  ] readParquet ReadTable cost time :370,filename:/root/work/Code1/dataset/original/original/S1020301022014010320140103_0_N.parquet.cpuCore:18
15:56:11.883273 PsiReadWrite.cpp:149 INF[5747  ] readParquet ReadTable cost time :378,filename:/root/work/Code1/dataset/original/original/S1020301022014010220140102_0_N.parquet.


Unique stock codes: 2341
15:57:06.164892 PsiReadWrite.cpp:362 INF[5747  ] readParquet handlerData cost time :16386t time :2890
15:56:47.919925 PsiReadWrite.cpp:392 INF[5747  ] readParquet clearData cost time :66
15:56:47.919962 PsiRunner.cpp:170 INF[5747  ] PsiRunner::run start file:/root/work/Code1/dataset/original/original/S1020301022014010320140103_0_N.parquet.
15:56:49.778083 PsiReadWrite.cpp:149 INF[5747  ] readParquet ReadTable cost time :370,filename:/root/work/Code1/dataset/original/original/S1020301022014010320140103_0_N.parquet.
puCore:18
15:56:11.883273 PsiReadWrite.cpp:149 INF[5747  ] readParquet ReadTable cost time :378,filename:/root/work/Code1/dataset/original/original/S1020301022014010220140102_0_N.parquet.

15:57:06.165437 PsiFactorPipeline.cpp:116 INF[5747  ] compute factor factorType:5447, nType:1, mType:0.47.919962 PsiRunner.cpp:170 INF[5747  ] PsiRunner::run start file:/root/work/Code1/dataset/original/original/S1020301022014010320140103_0_N.parquet.
15:56:49.778083 PsiReadWrite.cpp:149 INF[5747  ] readParquet ReadTable cost time :370,filename:/root/work/Code1/dataset/original/original/S1020301022014010320140103_0_N.parquet.
puCore:18
15:56:11.883273 PsiReadWrite.cpp:149 INF[5747  ] readParquet ReadTable cost time :378,filename:/root/work/Code1/dataset/original/original/S1020301022014010220140102_0_N.parquet.

15:57:07.212214 PsiFactorPipeline.cpp:142 INF[5747  ] compute factorType:5447 done, cost:1047msnal/original/S1020301022014010320140103_0_N.parquet.
15:56:49.778083 PsiReadWrite.cpp:149 INF[5747  ] readParquet ReadTable cost time :370,filename:/root/work/Code1/dataset/original/original/S1020301022014010320140103_0_N.parquet.
puCore:18
15:56:11.883273 PsiReadWrite.cpp:149 INF[5747  ] readParquet ReadTable cost time :378,filename:/root/work/Code1/dataset/original/original/S1020301022014010220140102_0_N.parquet.

15:57:09.999556 PsiReadWrite.cpp:377 INF[5747  ] readParquet generate_table and write cost time :27875437 PsiFactorPipeline.cpp:116 INF[5747  ] compute factor factorType:5447, nType:1, mType:0.
15:57:07.212214 PsiFactorPipeline.cpp:142 INF[5747  ] compute factorType:5447 done, cost:1047ms
al/original/S1020301022014010320140103_0_N.parquet.
15:56:49.778083 PsiReadWrite.cpp:149 INF[5747  ] readParquet ReadTable cost time :370,filename:/root/work/Code1/dataset/original/original/S1020301022014010320140103_0_N.parquet.
puCore:18
15:56:11.883273 PsiReadWrite.cpp:149 INF[5747  ] readParquet ReadTable cost time :378,filename:/root/work/Code1/dataset/original/original/S1020301022014010220140102_0_N.parquet.

15:57:10.063964 PsiReadWrite.cpp:392 INF[5747  ] readParquet clearData cost time :64Type:0.
15:57:07.212214 PsiFactorPipeline.cpp:142 INF[5747  ] compute factorType:5447 done, cost:1047ms
al/original/S1020301022014010320140103_0_N.parquet.
15:56:49.778083 PsiReadWrite.cpp:149 INF[5747  ] readParquet ReadTable cost time :370,filename:/root/work/Code1/dataset/original/original/S1020301022014010320140103_0_N.parquet.
puCore:18
15:56:11.883273 PsiReadWrite.cpp:149 INF[5747  ] readParquet ReadTable cost time :378,filename:/root/work/Code1/dataset/original/original/S1020301022014010220140102_0_N.parquet.

15:57:10.064057 PsiFactorPipeline.cpp:116 INF[5747  ] compute factor factorType:5448, nType:3, mType:0.al/original/S1020301022014010320140103_0_N.parquet.
15:56:49.778083 PsiReadWrite.cpp:149 INF[5747  ] readParquet ReadTable cost time :370,filename:/root/work/Code1/dataset/original/original/S1020301022014010320140103_0_N.parquet.
puCore:18
15:56:11.883273 PsiReadWrite.cpp:149 INF[5747  ] readParquet ReadTable cost time :378,filename:/root/work/Code1/dataset/original/original/S1020301022014010220140102_0_N.parquet.

15:57:11.168464 PsiFactorPipeline.cpp:142 INF[5747  ] compute factorType:5448 done, cost:1104ms7  ] readParquet ReadTable cost time :370,filename:/root/work/Code1/dataset/original/original/S1020301022014010320140103_0_N.parquet.
puCore:18
15:56:11.883273 PsiReadWrite.cpp:149 INF[5747  ] readParquet ReadTable cost time :378,filename:/root/work/Code1/dataset/original/original/S1020301022014010220140102_0_N.parquet.

15:57:13.994640 PsiReadWrite.cpp:377 INF[5747  ] readParquet generate_table and write cost time :2826
15:57:10.063964 PsiReadWrite.cpp:392 INF[5747  ] readParquet clearData cost time :64
15:57:10.064057 PsiFactorPipeline.cpp:116 INF[5747  ] compute factor factorType:5448, nType:3, mType:0.
15:57:11.168464 PsiFactorPipeline.cpp:142 INF[5747  ] compute factorType:5448 done, cost:1104ms
  ] readParquet ReadTable cost time :370,filename:/root/work/Code1/dataset/original/original/S1020301022014010320140103_0_N.parquet.
puCore:18
15:56:11.883273 PsiReadWrite.cpp:149 INF[5747  ] readParquet ReadTable cost time :378,filename:/root/work/Code1/dataset/original/original/S1020301022014010220140102_0_N.parquet.

15:57:14.067824 PsiReadWrite.cpp:392 INF[5747  ] readParquet clearData cost time :73
15:57:10.064057 PsiFactorPipeline.cpp:116 INF[5747  ] compute factor factorType:5448, nType:3, mType:0.
15:57:11.168464 PsiFactorPipeline.cpp:142 INF[5747  ] compute factorType:5448 done, cost:1104ms
  ] readParquet ReadTable cost time :370,filename:/root/work/Code1/dataset/original/original/S1020301022014010320140103_0_N.parquet.
puCore:18
15:56:11.883273 PsiReadWrite.cpp:149 INF[5747  ] readParquet ReadTable cost time :378,filename:/root/work/Code1/dataset/original/original/S1020301022014010220140102_0_N.parquet.

15:57:14.067922 PsiFactorPipeline.cpp:116 INF[5747  ] compute factor factorType:5449, nType:5, mType:0.
15:57:11.168464 PsiFactorPipeline.cpp:142 INF[5747  ] compute factorType:5448 done, cost:1104ms
  ] readParquet ReadTable cost time :370,filename:/root/work/Code1/dataset/original/original/S1020301022014010320140103_0_N.parquet.
puCore:18
15:56:11.883273 PsiReadWrite.cpp:149 INF[5747  ] readParquet ReadTable cost time :378,filename:/root/work/Code1/dataset/original/original/S1020301022014010220140102_0_N.parquet.

15:57:15.283394 PsiFactorPipeline.cpp:142 INF[5747  ] compute factorType:5449 done, cost:1216ms
  ] readParquet ReadTable cost time :370,filename:/root/work/Code1/dataset/original/original/S1020301022014010320140103_0_N.parquet.
puCore:18
15:56:11.883273 PsiReadWrite.cpp:149 INF[5747  ] readParquet ReadTable cost time :378,filename:/root/work/Code1/dataset/original/original/S1020301022014010220140102_0_N.parquet.

15:57:18.200797 PsiReadWrite.cpp:377 INF[5747  ] readParquet generate_table and write cost time :2917
15:57:14.067824 PsiReadWrite.cpp:392 INF[5747  ] readParquet clearData cost time :73
15:57:14.067922 PsiFactorPipeline.cpp:116 INF[5747  ] compute factor factorType:5449, nType:5, mType:0.
15:57:15.283394 PsiFactorPipeline.cpp:142 INF[5747  ] compute factorType:5449 done, cost:1216ms
  ] readParquet ReadTable cost time :370,filename:/root/work/Code1/dataset/original/original/S1020301022014010320140103_0_N.parquet.
puCore:18
15:56:11.883273 PsiReadWrite.cpp:149 INF[5747  ] readParquet ReadTable cost time :378,filename:/root/work/Code1/dataset/original/original/S1020301022014010220140102_0_N.parquet.

15:57:18.272238 PsiReadWrite.cpp:392 INF[5747  ] readParquet clearData cost time :72
15:57:14.067922 PsiFactorPipeline.cpp:116 INF[5747  ] compute factor factorType:5449, nType:5, mType:0.
15:57:15.283394 PsiFactorPipeline.cpp:142 INF[5747  ] compute factorType:5449 done, cost:1216ms
  ] readParquet ReadTable cost time :370,filename:/root/work/Code1/dataset/original/original/S1020301022014010320140103_0_N.parquet.
puCore:18
15:56:11.883273 PsiReadWrite.cpp:149 INF[5747  ] readParquet ReadTable cost time :378,filename:/root/work/Code1/dataset/original/original/S1020301022014010220140102_0_N.parquet.

15:57:18.272341 PsiFactorPipeline.cpp:116 INF[5747  ] compute factor factorType:5450, nType:10, mType:0.15:57:15.283394 PsiFactorPipeline.cpp:142 INF[5747  ] compute factorType:5449 done, cost:1216ms
  ] readParquet ReadTable cost time :370,filename:/root/work/Code1/dataset/original/original/S1020301022014010320140103_0_N.parquet.
puCore:18
15:56:11.883273 PsiReadWrite.cpp:149 INF[5747  ] readParquet ReadTable cost time :378,filename:/root/work/Code1/dataset/original/original/S1020301022014010220140102_0_N.parquet.

15:57:19.530686 PsiFactorPipeline.cpp:142 INF[5747  ] compute factorType:5450 done, cost:1258ms  ] readParquet ReadTable cost time :370,filename:/root/work/Code1/dataset/original/original/S1020301022014010320140103_0_N.parquet.
puCore:18
15:56:11.883273 PsiReadWrite.cpp:149 INF[5747  ] readParquet ReadTable cost time :378,filename:/root/work/Code1/dataset/original/original/S1020301022014010220140102_0_N.parquet.

15:57:22.391377 PsiReadWrite.cpp:377 INF[5747  ] readParquet generate_table and write cost time :2861
15:57:18.272238 PsiReadWrite.cpp:392 INF[5747  ] readParquet clearData cost time :72
15:57:18.272341 PsiFactorPipeline.cpp:116 INF[5747  ] compute factor factorType:5450, nType:10, mType:0.
15:57:19.530686 PsiFactorPipeline.cpp:142 INF[5747  ] compute factorType:5450 done, cost:1258ms
 ] readParquet ReadTable cost time :370,filename:/root/work/Code1/dataset/original/original/S1020301022014010320140103_0_N.parquet.
puCore:18
15:56:11.883273 PsiReadWrite.cpp:149 INF[5747  ] readParquet ReadTable cost time :378,filename:/root/work/Code1/dataset/original/original/S1020301022014010220140102_0_N.parquet.

15:57:22.461849 PsiReadWrite.cpp:392 INF[5747  ] readParquet clearData cost time :70
15:57:18.272341 PsiFactorPipeline.cpp:116 INF[5747  ] compute factor factorType:5450, nType:10, mType:0.
15:57:19.530686 PsiFactorPipeline.cpp:142 INF[5747  ] compute factorType:5450 done, cost:1258ms
 ] readParquet ReadTable cost time :370,filename:/root/work/Code1/dataset/original/original/S1020301022014010320140103_0_N.parquet.
puCore:18
15:56:11.883273 PsiReadWrite.cpp:149 INF[5747  ] readParquet ReadTable cost time :378,filename:/root/work/Code1/dataset/original/original/S1020301022014010220140102_0_N.parquet.

15:57:22.461883 PsiRunner.cpp:178 INF[5747  ] PsiRunner::run all files done.ype:5450, nType:10, mType:0.
15:57:19.530686 PsiFactorPipeline.cpp:142 INF[5747  ] compute factorType:5450 done, cost:1258ms
 ] readParquet ReadTable cost time :370,filename:/root/work/Code1/dataset/original/original/S1020301022014010320140103_0_N.parquet.
puCore:18
15:56:11.883273 PsiReadWrite.cpp:149 INF[5747  ] readParquet ReadTable cost time :378,filename:/root/work/Code1/dataset/original/original/S1020301022014010220140102_0_N.parquet.

