[FmtLog] Start Log Thread Affinity Success! Cpu Core:14
15:58:34.910651 PsiRunner.cpp:37 INF[5932  ] PsiRunner::config read config.yaml
15:58:34.911891 PsiRunner.cpp:88 INF[5932  ] PsiRunner::config Read basefiles
15:58:34.911959 PsiFactorPipeline.cpp:35 INF[5932  ] PsiFactorPipeline::init 4 factor tasks, 1 workers.
15:58:34.911959 PsiRunner.cpp:170 INF[5932  ] PsiRunner::run start file:/root/work/Code1/dataset/original/original/S1020301022014010220140102_0_N.parquet.
15:58:34.912190 PsiStockThread.cpp:28 INF[5935  ] PsiStockThread::run pthread_setaffinity_np success, cpuCore:18
Loaded 15:58:35.313789 PsiReadWrite.cpp:149 INF[5932  ] readParquet ReadTable cost time :375,filename:/root/work/Code1/dataset/original/original/S1020301022014010220140102_0_N.parquet.
6512302 rows in 47 columns.
Unique stock codes: 2348
15:58:54.891422 PsiReadWrite.cpp:362 INF[5932  ] readParquet handlerData cost time :19578911891 PsiRunner.cpp:88 INF[5932  ] PsiRunner::config Read basefiles
15:58:34.911959 PsiFactorPipeline.cpp:35 INF[5932  ] PsiFactorPipeline::init 4 factor tasks, 1 workers.
15:58:34.911959 PsiRunner.cpp:170 INF[5932  ] PsiRunner::run start file:/root/work/Code1/dataset/original/original/S1020301022014010220140102_0_N.parquet.
15:58:34.912190 PsiStockThread.cpp:28 INF[5935  ] PsiStockThread::run pthread_setaffinity_np success, cpuCore:18
15:58:35.313789 PsiReadWrite.cpp:149 INF[5932  ] readParquet ReadTable cost time :375,filename:/root/work/Code1/dataset/original/original/S1020301022014010220140102_0_N.parquet.

15:58:54.892061 PsiFactorPipeline.cpp:116 INF[5932  ] compute factor factorType:5447, nType:1, mType:0.pp:35 INF[5932  ] PsiFactorPipeline::init 4 factor tasks, 1 workers.
15:58:34.911959 PsiRunner.cpp:170 INF[5932  ] PsiRunner::run start file:/root/work/Code1/dataset/original/original/S1020301022014010220140102_0_N.parquet.
15:58:34.912190 PsiStockThread.cpp:28 INF[5935  ] PsiStockThread::run pthread_setaffinity_np success, cpuCore:18
15:58:35.313789 PsiReadWrite.cpp:149 INF[5932  ] readParquet ReadTable cost time :375,filename:/root/work/Code1/dataset/original/original/S1020301022014010220140102_0_N.parquet.

15:58:55.975467 PsiFactorPipeline.cpp:142 INF[5932  ] compute factorType:5447 done, cost:1083mspp:170 INF[5932  ] PsiRunner::run start file:/root/work/Code1/dataset/original/original/S1020301022014010220140102_0_N.parquet.
15:58:34.912190 PsiStockThread.cpp:28 INF[5935  ] PsiStockThread::run pthread_setaffinity_np success, cpuCore:18
15:58:35.313789 PsiReadWrite.cpp:149 INF[5932  ] readParquet ReadTable cost time :375,filename:/root/work/Code1/dataset/original/original/S1020301022014010220140102_0_N.parquet.

15:58:58.684689 PsiReadWrite.cpp:377 INF[5932  ] readParquet generate_table and write cost time :27092061 PsiFactorPipeline.cpp:116 INF[5932  ] compute factor factorType:5447, nType:1, mType:0.
15:58:55.975467 PsiFactorPipeline.cpp:142 INF[5932  ] compute factorType:5447 done, cost:1083ms
p:170 INF[5932  ] PsiRunner::run start file:/root/work/Code1/dataset/original/original/S1020301022014010220140102_0_N.parquet.
15:58:34.912190 PsiStockThread.cpp:28 INF[5935  ] PsiStockThread::run pthread_setaffinity_np success, cpuCore:18
15:58:35.313789 PsiReadWrite.cpp:149 INF[5932  ] readParquet ReadTable cost time :375,filename:/root/work/Code1/dataset/original/original/S1020301022014010220140102_0_N.parquet.

15:58:58.750393 PsiReadWrite.cpp:392 INF[5932  ] readParquet clearData cost time :66Type:0.
15:58:55.975467 PsiFactorPipeline.cpp:142 INF[5932  ] compute factorType:5447 done, cost:1083ms
p:170 INF[5932  ] PsiRunner::run start file:/root/work/Code1/dataset/original/original/S1020301022014010220140102_0_N.parquet.
15:58:34.912190 PsiStockThread.cpp:28 INF[5935  ] PsiStockThread::run pthread_setaffinity_np success, cpuCore:18
15:58:35.313789 PsiReadWrite.cpp:149 INF[5932  ] readParquet ReadTable cost time :375,filename:/root/work/Code1/dataset/original/original/S1020301022014010220140102_0_N.parquet.

15:58:58.750496 PsiFactorPipeline.cpp:116 INF[5932  ] compute factor factorType:5448, nType:3, mType:0.p:170 INF[5932  ] PsiRunner::run start file:/root/work/Code1/dataset/original/original/S1020301022014010220140102_0_N.parquet.
15:58:34.912190 PsiStockThread.cpp:28 INF[5935  ] PsiStockThread::run pthread_setaffinity_np success, cpuCore:18
15:58:35.313789 PsiReadWrite.cpp:149 INF[5932  ] readParquet ReadTable cost time :375,filename:/root/work/Code1/dataset/original/original/S1020301022014010220140102_0_N.parquet.

15:58:59.842020 PsiFactorPipeline.cpp:142 INF[5932  ] compute factorType:5448 done, cost:1092ms22014010220140102_0_N.parquet.
15:58:34.912190 PsiStockThread.cpp:28 INF[5935  ] PsiStockThread::run pthread_setaffinity_np success, cpuCore:18
15:58:35.313789 PsiReadWrite.cpp:149 INF[5932  ] readParquet ReadTable cost time :375,filename:/root/work/Code1/dataset/original/original/S1020301022014010220140102_0_N.parquet.

15:59:02.555128 PsiReadWrite.cpp:377 INF[5932  ] readParquet generate_table and write cost time :2713
15:58:58.750393 PsiReadWrite.cpp:392 INF[5932  ] readParquet clearData cost time :66
15:58:58.750496 PsiFactorPipeline.cpp:116 INF[5932  ] compute factor factorType:5448, nType:3, mType:0.
15:58:59.842020 PsiFactorPipeline.cpp:142 INF[5932  ] compute factorType:5448 done, cost:1092ms
2014010220140102_0_N.parquet.
15:58:34.912190 PsiStockThread.cpp:28 INF[5935  ] PsiStockThread::run pthread_setaffinity_np success, cpuCore:18
15:58:35.313789 PsiReadWrite.cpp:149 INF[5932  ] readParquet ReadTable cost time :375,filename:/root/work/Code1/dataset/original/original/S1020301022014010220140102_0_N.parquet.

15:59:02.622136 PsiReadWrite.cpp:392 INF[5932  ] readParquet clearData cost time :67
15:58:58.750496 PsiFactorPipeline.cpp:116 INF[5932  ] compute factor factorType:5448, nType:3, mType:0.
15:58:59.842020 PsiFactorPipeline.cpp:142 INF[5932  ] compute factorType:5448 done, cost:1092ms
2014010220140102_0_N.parquet.
15:58:34.912190 PsiStockThread.cpp:28 INF[5935  ] PsiStockThread::run pthread_setaffinity_np success, cpuCore:18
15:58:35.313789 PsiReadWrite.cpp:149 INF[5932  ] readParquet ReadTable cost time :375,filename:/root/work/Code1/dataset/original/original/S1020301022014010220140102_0_N.parquet.

15:59:02.622224 PsiFactorPipeline.cpp:116 INF[5932  ] compute factor factorType:5449, nType:5, mType:0.
15:58:59.842020 PsiFactorPipeline.cpp:142 INF[5932  ] compute factorType:5448 done, cost:1092ms
2014010220140102_0_N.parquet.
15:58:34.912190 PsiStockThread.cpp:28 INF[5935  ] PsiStockThread::run pthread_setaffinity_np success, cpuCore:18
15:58:35.313789 PsiReadWrite.cpp:149 INF[5932  ] readParquet ReadTable cost time :375,filename:/root/work/Code1/dataset/original/original/S1020301022014010220140102_0_N.parquet.

15:59:03.781534 PsiFactorPipeline.cpp:142 INF[5932  ] compute factorType:5449 done, cost:1159ms
2014010220140102_0_N.parquet.
15:58:34.912190 PsiStockThread.cpp:28 INF[5935  ] PsiStockThread::run pthread_setaffinity_np success, cpuCore:18
15:58:35.313789 PsiReadWrite.cpp:149 INF[5932  ] readParquet ReadTable cost time :375,filename:/root/work/Code1/dataset/original/original/S1020301022014010220140102_0_N.parquet.

15:59:06.559999 PsiReadWrite.cpp:377 INF[5932  ] readParquet generate_table and write cost time :2778
15:59:02.622136 PsiReadWrite.cpp:392 INF[5932  ] readParquet clearData cost time :67
15:59:02.622224 PsiFactorPipeline.cpp:116 INF[5932  ] compute factor factorType:5449, nType:5, mType:0.
15:59:03.781534 PsiFactorPipeline.cpp:142 INF[5932  ] compute factorType:5449 done, cost:1159ms
2014010220140102_0_N.parquet.
15:58:34.912190 PsiStockThread.cpp:28 INF[5935  ] PsiStockThread::run pthread_setaffinity_np success, cpuCore:18
15:58:35.313789 PsiReadWrite.cpp:149 INF[5932  ] readParquet ReadTable cost time :375,filename:/root/work/Code1/dataset/original/original/S1020301022014010220140102_0_N.parquet.

15:59:06.627163 PsiReadWrite.cpp:392 INF[5932  ] readParquet clearData cost time :68
15:59:02.622224 PsiFactorPipeline.cpp:116 INF[5932  ] compute factor factorType:5449, nType:5, mType:0.
15:59:03.781534 PsiFactorPipeline.cpp:142 INF[5932  ] compute factorType:5449 done, cost:1159ms
2014010220140102_0_N.parquet.
15:58:34.912190 PsiStockThread.cpp:28 INF[5935  ] PsiStockThread::run pthread_setaffinity_np success, cpuCore:18
15:58:35.313789 PsiReadWrite.cpp:149 INF[5932  ] readParquet ReadTable cost time :375,filename:/root/work/Code1/dataset/original/original/S1020301022014010220140102_0_N.parquet.

15:59:06.627248 PsiFactorPipeline.cpp:116 INF[5932  ] compute factor factorType:5450, nType:10, mType:0.15:59:03.781534 PsiFactorPipeline.cpp:142 INF[5932  ] compute factorType:5449 done, cost:1159ms
2014010220140102_0_N.parquet.
15:58:34.912190 PsiStockThread.cpp:28 INF[5935  ] PsiStockThread::run pthread_setaffinity_np success, cpuCore:18
15:58:35.313789 PsiReadWrite.cpp:149 INF[5932  ] readParquet ReadTable cost time :375,filename:/root/work/Code1/dataset/original/original/S1020301022014010220140102_0_N.parquet.

15:59:07.860540 PsiFactorPipeline.cpp:142 INF[5932  ] compute factorType:5450 done, cost:1233ms2014010220140102_0_N.parquet.
15:58:34.912190 PsiStockThread.cpp:28 INF[5935  ] PsiStockThread::run pthread_setaffinity_np success, cpuCore:18
15:58:35.313789 PsiReadWrite.cpp:149 INF[5932  ] readParquet ReadTable cost time :375,filename:/root/work/Code1/dataset/original/original/S1020301022014010220140102_0_N.parquet.

15:59:10.752135 PsiReadWrite.cpp:377 INF[5932  ] readParquet generate_table and write cost time :2892
15:59:06.627163 PsiReadWrite.cpp:392 INF[5932  ] readParquet clearData cost time :68
15:59:06.627248 PsiFactorPipeline.cpp:116 INF[5932  ] compute factor factorType:5450, nType:10, mType:0.
15:59:07.860540 PsiFactorPipeline.cpp:142 INF[5932  ] compute factorType:5450 done, cost:1233ms
014010220140102_0_N.parquet.
15:58:34.912190 PsiStockThread.cpp:28 INF[5935  ] PsiStockThread::run pthread_setaffinity_np success, cpuCore:18
15:58:35.313789 PsiReadWrite.cpp:149 INF[5932  ] readParquet ReadTable cost time :375,filename:/root/work/Code1/dataset/original/original/S1020301022014010220140102_0_N.parquet.

15:59:10.819245 PsiReadWrite.cpp:392 INF[5932  ] readParquet clearData cost time :67
15:59:06.627248 PsiFactorPipeline.cpp:116 INF[5932  ] compute factor factorType:5450, nType:10, mType:0.
15:59:07.860540 PsiFactorPipeline.cpp:142 INF[5932  ] compute factorType:5450 done, cost:1233ms
014010220140102_0_N.parquet.
15:58:34.912190 PsiStockThread.cpp:28 INF[5935  ] PsiStockThread::run pthread_setaffinity_np success, cpuCore:18
15:58:35.313789 PsiReadWrite.cpp:149 INF[5932  ] readParquet ReadTable cost time :375,filename:/root/work/Code1/dataset/original/original/S1020301022014010220140102_0_N.parquet.

15:59:10.819274 PsiRunner.cpp:170 INF[5932  ] PsiRunner::run start file:/root/work/Code1/dataset/original/original/S1020301022014010320140103_0_N.parquet.2  ] compute factorType:5450 done, cost:1233ms
014010220140102_0_N.parquet.
15:58:34.912190 PsiStockThread.cpp:28 INF[5935  ] PsiStockThread::run pthread_setaffinity_np success, cpuCore:18
15:58:35.313789 PsiReadWrite.cpp:149 INF[5932  ] readParquet ReadTable cost time :375,filename:/root/work/Code1/dataset/original/original/S1020301022014010220140102_0_N.parquet.

Loaded 6683386 rows in 47 columns.
15:59:12.700481 PsiReadWrite.cpp:149 INF[5932  ] readParquet ReadTable cost time :383,filename:/root/work/Code1/dataset/original/original/S1020301022014010320140103_0_N.parquet.cpuCore:18
15:58:35.313789 PsiReadWrite.cpp:149 INF[5932  ] readParquet ReadTable cost time :375,filename:/root/work/Code1/dataset/original/original/S1020301022014010220140102_0_N.parquet.

Unique stock codes: 2341
15:59:29.602348 PsiReadWrite.cpp:362 INF[5932  ] readParquet handlerData cost time :16902t time :2892
15:59:10.819245 PsiReadWrite.cpp:392 INF[5932  ] readParquet clearData cost time :67
15:59:10.819274 PsiRunner.cpp:170 INF[5932  ] PsiRunner::run start file:/root/work/Code1/dataset/original/original/S1020301022014010320140103_0_N.parquet.
15:59:12.700481 PsiReadWrite.cpp:149 INF[5932  ] readParquet ReadTable cost time :383,filename:/root/work/Code1/dataset/original/original/S1020301022014010320140103_0_N.parquet.
puCore:18
15:58:35.313789 PsiReadWrite.cpp:149 INF[5932  ] readParquet ReadTable cost time :375,filename:/root/work/Code1/dataset/original/original/S1020301022014010220140102_0_N.parquet.

15:59:29.602876 PsiFactorPipeline.cpp:116 INF[5932  ] compute factor factorType:5447, nType:1, mType:0.10.819274 PsiRunner.cpp:170 INF[5932  ] PsiRunner::run start file:/root/work/Code1/dataset/original/original/S1020301022014010320140103_0_N.parquet.
15:59:12.700481 PsiReadWrite.cpp:149 INF[5932  ] readParquet ReadTable cost time :383,filename:/root/work/Code1/dataset/original/original/S1020301022014010320140103_0_N.parquet.
puCore:18
15:58:35.313789 PsiReadWrite.cpp:149 INF[5932  ] readParquet ReadTable cost time :375,filename:/root/work/Code1/dataset/original/original/S1020301022014010220140102_0_N.parquet.

15:59:30.676068 PsiFactorPipeline.cpp:142 INF[5932  ] compute factorType:5447 done, cost:1074msnal/original/S1020301022014010320140103_0_N.parquet.
15:59:12.700481 PsiReadWrite.cpp:149 INF[5932  ] readParquet ReadTable cost time :383,filename:/root/work/Code1/dataset/original/original/S1020301022014010320140103_0_N.parquet.
puCore:18
15:58:35.313789 PsiReadWrite.cpp:149 INF[5932  ] readParquet ReadTable cost time :375,filename:/root/work/Code1/dataset/original/original/S1020301022014010220140102_0_N.parquet.

15:59:33.458696 PsiReadWrite.cpp:377 INF[5932  ] readParquet generate_table and write cost time :27822876 PsiFactorPipeline.cpp:116 INF[5932  ] compute factor factorType:5447, nType:1, mType:0.
15:59:30.676068 PsiFactorPipeline.cpp:142 INF[5932  ] compute factorType:5447 done, cost:1074ms
al/original/S1020301022014010320140103_0_N.parquet.
15:59:12.700481 PsiReadWrite.cpp:149 INF[5932  ] readParquet ReadTable cost time :383,filename:/root/work/Code1/dataset/original/original/S1020301022014010320140103_0_N.parquet.
puCore:18
15:58:35.313789 PsiReadWrite.cpp:149 INF[5932  ] readParquet ReadTable cost time :375,filename:/root/work/Code1/dataset/original/original/S1020301022014010220140102_0_N.parquet.

15:59:33.527735 PsiReadWrite.cpp:392 INF[5932  ] readParquet clearData cost time :69Type:0.
15:59:30.676068 PsiFactorPipeline.cpp:142 INF[5932  ] compute factorType:5447 done, cost:1074ms
al/original/S1020301022014010320140103_0_N.parquet.
15:59:12.700481 PsiReadWrite.cpp:149 INF[5932  ] readParquet ReadTable cost time :383,filename:/root/work/Code1/dataset/original/original/S1020301022014010320140103_0_N.parquet.
puCore:18
15:58:35.313789 PsiReadWrite.cpp:149 INF[5932  ] readParquet ReadTable cost time :375,filename:/root/work/Code1/dataset/original/original/S1020301022014010220140102_0_N.parquet.

15:59:33.527833 PsiFactorPipeline.cpp:116 INF[5932  ] compute factor factorType:5448, nType:3, mType:0.al/original/S1020301022014010320140103_0_N.parquet.
15:59:12.700481 PsiReadWrite.cpp:149 INF[5932  ] readParquet ReadTable cost time :383,filename:/root/work/Code1/dataset/original/original/S1020301022014010320140103_0_N.parquet.
puCore:18
15:58:35.313789 PsiReadWrite.cpp:149 INF[5932  ] readParquet ReadTable cost time :375,filename:/root/work/Code1/dataset/original/original/S1020301022014010220140102_0_N.parquet.

15:59:34.637046 PsiFactorPipeline.cpp:142 INF[5932  ] compute factorType:5448 done, cost:1110ms2  ] readParquet ReadTable cost time :383,filename:/root/work/Code1/dataset/original/original/S1020301022014010320140103_0_N.parquet.
puCore:18
15:58:35.313789 PsiReadWrite.cpp:149 INF[5932  ] readParquet ReadTable cost time :375,filename:/root/work/Code1/dataset/original/original/S1020301022014010220140102_0_N.parquet.

15:59:37.455481 PsiReadWrite.cpp:377 INF[5932  ] readParquet generate_table and write cost time :2818
15:59:33.527735 PsiReadWrite.cpp:392 INF[5932  ] readParquet clearData cost time :69
15:59:33.527833 PsiFactorPipeline.cpp:116 INF[5932  ] compute factor factorType:5448, nType:3, mType:0.
15:59:34.637046 PsiFactorPipeline.cpp:142 INF[5932  ] compute factorType:5448 done, cost:1110ms
  ] readParquet ReadTable cost time :383,filename:/root/work/Code1/dataset/original/original/S1020301022014010320140103_0_N.parquet.
puCore:18
15:58:35.313789 PsiReadWrite.cpp:149 INF[5932  ] readParquet ReadTable cost time :375,filename:/root/work/Code1/dataset/original/original/S1020301022014010220140102_0_N.parquet.

15:59:37.532887 PsiReadWrite.cpp:392 INF[5932  ] readParquet clearData cost time :77
15:59:33.527833 PsiFactorPipeline.cpp:116 INF[5932  ] compute factor factorType:5448, nType:3, mType:0.
15:59:34.637046 PsiFactorPipeline.cpp:142 INF[5932  ] compute factorType:5448 done, cost:1110ms
  ] readParquet ReadTable cost time :383,filename:/root/work/Code1/dataset/original/original/S1020301022014010320140103_0_N.parquet.
puCore:18
15:58:35.313789 PsiReadWrite.cpp:149 INF[5932  ] readParquet ReadTable cost time :375,filename:/root/work/Code1/dataset/original/original/S1020301022014010220140102_0_N.parquet.

15:59:37.532998 PsiFactorPipeline.cpp:116 INF[5932  ] compute factor factorType:5449, nType:5, mType:0.
15:59:34.637046 PsiFactorPipeline.cpp:142 INF[5932  ] compute factorType:5448 done, cost:1110ms
  ] readParquet ReadTable cost time :383,filename:/root/work/Code1/dataset/original/original/S1020301022014010320140103_0_N.parquet.
puCore:18
15:58:35.313789 PsiReadWrite.cpp:149 INF[5932  ] readParquet ReadTable cost time :375,filename:/root/work/Code1/dataset/original/original/S1020301022014010220140102_0_N.parquet.

15:59:38.745952 PsiFactorPipeline.cpp:142 INF[5932  ] compute factorType:5449 done, cost:1213ms
  ] readParquet ReadTable cost time :383,filename:/root/work/Code1/dataset/original/original/S1020301022014010320140103_0_N.parquet.
puCore:18
15:58:35.313789 PsiReadWrite.cpp:149 INF[5932  ] readParquet ReadTable cost time :375,filename:/root/work/Code1/dataset/original/original/S1020301022014010220140102_0_N.parquet.

15:59:41.655121 PsiReadWrite.cpp:377 INF[5932  ] readParquet generate_table and write cost time :2910
15:59:37.532887 PsiReadWrite.cpp:392 INF[5932  ] readParquet clearData cost time :77
15:59:37.532998 PsiFactorPipeline.cpp:116 INF[5932  ] compute factor factorType:5449, nType:5, mType:0.
15:59:38.745952 PsiFactorPipeline.cpp:142 INF[5932  ] compute factorType:5449 done, cost:1213ms
  ] readParquet ReadTable cost time :383,filename:/root/work/Code1/dataset/original/original/S1020301022014010320140103_0_N.parquet.
puCore:18
15:58:35.313789 PsiReadWrite.cpp:149 INF[5932  ] readParquet ReadTable cost time :375,filename:/root/work/Code1/dataset/original/original/S1020301022014010220140102_0_N.parquet.

15:59:41.725933 PsiReadWrite.cpp:392 INF[5932  ] readParquet clearData cost time :70
15:59:37.532998 PsiFactorPipeline.cpp:116 INF[5932  ] compute factor factorType:5449, nType:5, mType:0.
15:59:38.745952 PsiFactorPipeline.cpp:142 INF[5932  ] compute factorType:5449 done, cost:1213ms
  ] readParquet ReadTable cost time :383,filename:/root/work/Code1/dataset/original/original/S1020301022014010320140103_0_N.parquet.
puCore:18
15:58:35.313789 PsiReadWrite.cpp:149 INF[5932  ] readParquet ReadTable cost time :375,filename:/root/work/Code1/dataset/original/original/S1020301022014010220140102_0_N.parquet.

15:59:41.726038 PsiFactorPipeline.cpp:116 INF[5932  ] compute factor factorType:5450, nType:10, mType:0.15:59:38.745952 PsiFactorPipeline.cpp:142 INF[5932  ] compute factorType:5449 done, cost:1213ms
  ] readParquet ReadTable cost time :383,filename:/root/work/Code1/dataset/original/original/S1020301022014010320140103_0_N.parquet.
puCore:18
15:58:35.313789 PsiReadWrite.cpp:149 INF[5932  ] readParquet ReadTable cost time :375,filename:/root/work/Code1/dataset/original/original/S1020301022014010220140102_0_N.parquet.

15:59:42.988429 PsiFactorPipeline.cpp:142 INF[5932  ] compute factorType:5450 done, cost:1262ms  ] readParquet ReadTable cost time :383,filename:/root/work/Code1/dataset/original/original/S1020301022014010320140103_0_N.parquet.
puCore:18
15:58:35.313789 PsiReadWrite.cpp:149 INF[5932  ] readParquet ReadTable cost time :375,filename:/root/work/Code1/dataset/original/original/S1020301022014010220140102_0_N.parquet.

15:59:45.844122 PsiReadWrite.cpp:377 INF[5932  ] readParquet generate_table and write cost time :2856
15:59:41.725933 PsiReadWrite.cpp:392 INF[5932  ] readParquet clearData cost time :70
15:59:41.726038 PsiFactorPipeline.cpp:116 INF[5932  ] compute factor factorType:5450, nType:10, mType:0.
15:59:42.988429 PsiFactorPipeline.cpp:142 INF[5932  ] compute factorType:5450 done, cost:1262ms
 ] readParquet ReadTable cost time :383,filename:/root/work/Code1/dataset/original/original/S1020301022014010320140103_0_N.parquet.
puCore:18
15:58:35.313789 PsiReadWrite.cpp:149 INF[5932  ] readParquet ReadTable cost time :375,filename:/root/work/Code1/dataset/original/original/S1020301022014010220140102_0_N.parquet.

15:59:45.915550 PsiReadWrite.cpp:392 INF[5932  ] readParquet clearData cost time :71
15:59:41.726038 PsiFactorPipeline.cpp:116 INF[5932  ] compute factor factorType:5450, nType:10, mType:0.
15:59:42.988429 PsiFactorPipeline.cpp:142 INF[5932  ] compute factorType:5450 done, cost:1262ms
 ] readParquet ReadTable cost time :383,filename:/root/work/Code1/dataset/original/original/S1020301022014010320140103_0_N.parquet.
puCore:18
15:58:35.313789 PsiReadWrite.cpp:149 INF[5932  ] readParquet ReadTable cost time :375,filename:/root/work/Code1/dataset/original/original/S1020301022014010220140102_0_N.parquet.

15:59:45.915581 PsiRunner.cpp:178 INF[5932  ] PsiRunner::run all files done.ype:5450, nType:10, mType:0.
15:59:42.988429 PsiFactorPipeline.cpp:142 INF[5932  ] compute factorType:5450 done, cost:1262ms
 ] readParquet ReadTable cost time :383,filename:/root/work/Code1/dataset/original/original/S1020301022014010320140103_0_N.parquet.
puCore:18
15:58:35.313789 PsiReadWrite.cpp:149 INF[5932  ] readParquet ReadTable cost time :375,filename:/root/work/Code1/dataset/original/original/S1020301022014010220140102_0_N.parquet.

