[FmtLog] Start Log Thread Affinity Success! Cpu Core:14
17:21:00.705787 PsiRunner.cpp:37 INF[10819 ] PsiRunner::config read config.yaml
17:21:00.707956 PsiRunner.cpp:88 INF[10819 ] PsiRunner::config Read basefiles
17:21:00.708058 PsiFactorPipeline.cpp:35 INF[10819 ] PsiFactorPipeline::init 4 factor tasks, 1 workers.
17:21:00.708059 PsiRunner.cpp:170 INF[10819 ] PsiRunner::run start file:/root/work/Code1/dataset/original/original/S1020301022014010220140102_0_N.parquet.
17:21:00.708334 PsiStockThread.cpp:28 INF[10822 ] PsiStockThread::run pthread_setaffinity_np success, cpuCore:18
17:21:01.155433 PsiReadWrite.cpp:154 INF[10819 ] readParquet ReadTable cost time :403,filename:/root/work/Code1/dataset/original/original/S1020301022014010220140102_0_N.parquet.
Loaded 6512302 rows in 47 columns.
Unique stock codes: 2348
17:21:17.643203 PsiReadWrite.cpp:362 INF[10819 ] readParquet handlerData cost time :16488707956 PsiRunner.cpp:88 INF[10819 ] PsiRunner::config Read basefiles
17:21:00.708058 PsiFactorPipeline.cpp:35 INF[10819 ] PsiFactorPipeline::init 4 factor tasks, 1 workers.
17:21:00.708059 PsiRunner.cpp:170 INF[10819 ] PsiRunner::run start file:/root/work/Code1/dataset/original/original/S1020301022014010220140102_0_N.parquet.
17:21:00.708334 PsiStockThread.cpp:28 INF[10822 ] PsiStockThread::run pthread_setaffinity_np success, cpuCore:18
17:21:01.155433 PsiReadWrite.cpp:154 INF[10819 ] readParquet ReadTable cost time :403,filename:/root/work/Code1/dataset/original/original/S1020301022014010220140102_0_N.parquet.

17:21:17.644323 PsiFactorPipeline.cpp:116 INF[10819 ] compute factor factorType:5447, nType:1, mType:0.pp:35 INF[10819 ] PsiFactorPipeline::init 4 factor tasks, 1 workers.
17:21:00.708059 PsiRunner.cpp:170 INF[10819 ] PsiRunner::run start file:/root/work/Code1/dataset/original/original/S1020301022014010220140102_0_N.parquet.
17:21:00.708334 PsiStockThread.cpp:28 INF[10822 ] PsiStockThread::run pthread_setaffinity_np success, cpuCore:18
17:21:01.155433 PsiReadWrite.cpp:154 INF[10819 ] readParquet ReadTable cost time :403,filename:/root/work/Code1/dataset/original/original/S1020301022014010220140102_0_N.parquet.

17:21:18.853022 PsiFactorPipeline.cpp:142 INF[10819 ] compute factorType:5447 done, cost:1209mspp:170 INF[10819 ] PsiRunner::run start file:/root/work/Code1/dataset/original/original/S1020301022014010220140102_0_N.parquet.
17:21:00.708334 PsiStockThread.cpp:28 INF[10822 ] PsiStockThread::run pthread_setaffinity_np success, cpuCore:18
17:21:01.155433 PsiReadWrite.cpp:154 INF[10819 ] readParquet ReadTable cost time :403,filename:/root/work/Code1/dataset/original/original/S1020301022014010220140102_0_N.parquet.

17:21:21.581244 PsiReadWrite.cpp:377 INF[10819 ] readParquet generate_table and write cost time :27284323 PsiFactorPipeline.cpp:116 INF[10819 ] compute factor factorType:5447, nType:1, mType:0.
17:21:18.853022 PsiFactorPipeline.cpp:142 INF[10819 ] compute factorType:5447 done, cost:1209ms
p:170 INF[10819 ] PsiRunner::run start file:/root/work/Code1/dataset/original/original/S1020301022014010220140102_0_N.parquet.
17:21:00.708334 PsiStockThread.cpp:28 INF[10822 ] PsiStockThread::run pthread_setaffinity_np success, cpuCore:18
17:21:01.155433 PsiReadWrite.cpp:154 INF[10819 ] readParquet ReadTable cost time :403,filename:/root/work/Code1/dataset/original/original/S1020301022014010220140102_0_N.parquet.

17:21:21.646606 PsiReadWrite.cpp:392 INF[10819 ] readParquet clearData cost time :65Type:0.
17:21:18.853022 PsiFactorPipeline.cpp:142 INF[10819 ] compute factorType:5447 done, cost:1209ms
p:170 INF[10819 ] PsiRunner::run start file:/root/work/Code1/dataset/original/original/S1020301022014010220140102_0_N.parquet.
17:21:00.708334 PsiStockThread.cpp:28 INF[10822 ] PsiStockThread::run pthread_setaffinity_np success, cpuCore:18
17:21:01.155433 PsiReadWrite.cpp:154 INF[10819 ] readParquet ReadTable cost time :403,filename:/root/work/Code1/dataset/original/original/S1020301022014010220140102_0_N.parquet.

17:21:21.646691 PsiFactorPipeline.cpp:116 INF[10819 ] compute factor factorType:5448, nType:3, mType:0.p:170 INF[10819 ] PsiRunner::run start file:/root/work/Code1/dataset/original/original/S1020301022014010220140102_0_N.parquet.
17:21:00.708334 PsiStockThread.cpp:28 INF[10822 ] PsiStockThread::run pthread_setaffinity_np success, cpuCore:18
17:21:01.155433 PsiReadWrite.cpp:154 INF[10819 ] readParquet ReadTable cost time :403,filename:/root/work/Code1/dataset/original/original/S1020301022014010220140102_0_N.parquet.

17:21:22.767328 PsiFactorPipeline.cpp:142 INF[10819 ] compute factorType:5448 done, cost:1121ms22014010220140102_0_N.parquet.
17:21:00.708334 PsiStockThread.cpp:28 INF[10822 ] PsiStockThread::run pthread_setaffinity_np success, cpuCore:18
17:21:01.155433 PsiReadWrite.cpp:154 INF[10819 ] readParquet ReadTable cost time :403,filename:/root/work/Code1/dataset/original/original/S1020301022014010220140102_0_N.parquet.

17:21:25.563263 PsiReadWrite.cpp:377 INF[10819 ] readParquet generate_table and write cost time :2796
17:21:21.646606 PsiReadWrite.cpp:392 INF[10819 ] readParquet clearData cost time :65
17:21:21.646691 PsiFactorPipeline.cpp:116 INF[10819 ] compute factor factorType:5448, nType:3, mType:0.
17:21:22.767328 PsiFactorPipeline.cpp:142 INF[10819 ] compute factorType:5448 done, cost:1121ms
2014010220140102_0_N.parquet.
17:21:00.708334 PsiStockThread.cpp:28 INF[10822 ] PsiStockThread::run pthread_setaffinity_np success, cpuCore:18
17:21:01.155433 PsiReadWrite.cpp:154 INF[10819 ] readParquet ReadTable cost time :403,filename:/root/work/Code1/dataset/original/original/S1020301022014010220140102_0_N.parquet.

17:21:25.628779 PsiReadWrite.cpp:392 INF[10819 ] readParquet clearData cost time :65
17:21:21.646691 PsiFactorPipeline.cpp:116 INF[10819 ] compute factor factorType:5448, nType:3, mType:0.
17:21:22.767328 PsiFactorPipeline.cpp:142 INF[10819 ] compute factorType:5448 done, cost:1121ms
2014010220140102_0_N.parquet.
17:21:00.708334 PsiStockThread.cpp:28 INF[10822 ] PsiStockThread::run pthread_setaffinity_np success, cpuCore:18
17:21:01.155433 PsiReadWrite.cpp:154 INF[10819 ] readParquet ReadTable cost time :403,filename:/root/work/Code1/dataset/original/original/S1020301022014010220140102_0_N.parquet.

17:21:25.628869 PsiFactorPipeline.cpp:116 INF[10819 ] compute factor factorType:5449, nType:5, mType:0.
17:21:22.767328 PsiFactorPipeline.cpp:142 INF[10819 ] compute factorType:5448 done, cost:1121ms
2014010220140102_0_N.parquet.
17:21:00.708334 PsiStockThread.cpp:28 INF[10822 ] PsiStockThread::run pthread_setaffinity_np success, cpuCore:18
17:21:01.155433 PsiReadWrite.cpp:154 INF[10819 ] readParquet ReadTable cost time :403,filename:/root/work/Code1/dataset/original/original/S1020301022014010220140102_0_N.parquet.

17:21:26.799905 PsiFactorPipeline.cpp:142 INF[10819 ] compute factorType:5449 done, cost:1171ms
2014010220140102_0_N.parquet.
17:21:00.708334 PsiStockThread.cpp:28 INF[10822 ] PsiStockThread::run pthread_setaffinity_np success, cpuCore:18
17:21:01.155433 PsiReadWrite.cpp:154 INF[10819 ] readParquet ReadTable cost time :403,filename:/root/work/Code1/dataset/original/original/S1020301022014010220140102_0_N.parquet.

17:21:29.647070 PsiReadWrite.cpp:377 INF[10819 ] readParquet generate_table and write cost time :2848
17:21:25.628779 PsiReadWrite.cpp:392 INF[10819 ] readParquet clearData cost time :65
17:21:25.628869 PsiFactorPipeline.cpp:116 INF[10819 ] compute factor factorType:5449, nType:5, mType:0.
17:21:26.799905 PsiFactorPipeline.cpp:142 INF[10819 ] compute factorType:5449 done, cost:1171ms
2014010220140102_0_N.parquet.
17:21:00.708334 PsiStockThread.cpp:28 INF[10822 ] PsiStockThread::run pthread_setaffinity_np success, cpuCore:18
17:21:01.155433 PsiReadWrite.cpp:154 INF[10819 ] readParquet ReadTable cost time :403,filename:/root/work/Code1/dataset/original/original/S1020301022014010220140102_0_N.parquet.

17:21:29.712072 PsiReadWrite.cpp:392 INF[10819 ] readParquet clearData cost time :65
17:21:25.628869 PsiFactorPipeline.cpp:116 INF[10819 ] compute factor factorType:5449, nType:5, mType:0.
17:21:26.799905 PsiFactorPipeline.cpp:142 INF[10819 ] compute factorType:5449 done, cost:1171ms
2014010220140102_0_N.parquet.
17:21:00.708334 PsiStockThread.cpp:28 INF[10822 ] PsiStockThread::run pthread_setaffinity_np success, cpuCore:18
17:21:01.155433 PsiReadWrite.cpp:154 INF[10819 ] readParquet ReadTable cost time :403,filename:/root/work/Code1/dataset/original/original/S1020301022014010220140102_0_N.parquet.

17:21:29.712150 PsiFactorPipeline.cpp:116 INF[10819 ] compute factor factorType:5450, nType:10, mType:0.17:21:26.799905 PsiFactorPipeline.cpp:142 INF[10819 ] compute factorType:5449 done, cost:1171ms
2014010220140102_0_N.parquet.
17:21:00.708334 PsiStockThread.cpp:28 INF[10822 ] PsiStockThread::run pthread_setaffinity_np success, cpuCore:18
17:21:01.155433 PsiReadWrite.cpp:154 INF[10819 ] readParquet ReadTable cost time :403,filename:/root/work/Code1/dataset/original/original/S1020301022014010220140102_0_N.parquet.

17:21:30.959574 PsiFactorPipeline.cpp:142 INF[10819 ] compute factorType:5450 done, cost:1247ms2014010220140102_0_N.parquet.
17:21:00.708334 PsiStockThread.cpp:28 INF[10822 ] PsiStockThread::run pthread_setaffinity_np success, cpuCore:18
17:21:01.155433 PsiReadWrite.cpp:154 INF[10819 ] readParquet ReadTable cost time :403,filename:/root/work/Code1/dataset/original/original/S1020301022014010220140102_0_N.parquet.

17:21:33.814395 PsiReadWrite.cpp:377 INF[10819 ] readParquet generate_table and write cost time :2855
17:21:29.712072 PsiReadWrite.cpp:392 INF[10819 ] readParquet clearData cost time :65
17:21:29.712150 PsiFactorPipeline.cpp:116 INF[10819 ] compute factor factorType:5450, nType:10, mType:0.
17:21:30.959574 PsiFactorPipeline.cpp:142 INF[10819 ] compute factorType:5450 done, cost:1247ms
014010220140102_0_N.parquet.
17:21:00.708334 PsiStockThread.cpp:28 INF[10822 ] PsiStockThread::run pthread_setaffinity_np success, cpuCore:18
17:21:01.155433 PsiReadWrite.cpp:154 INF[10819 ] readParquet ReadTable cost time :403,filename:/root/work/Code1/dataset/original/original/S1020301022014010220140102_0_N.parquet.

17:21:33.879605 PsiReadWrite.cpp:392 INF[10819 ] readParquet clearData cost time :65
17:21:29.712150 PsiFactorPipeline.cpp:116 INF[10819 ] compute factor factorType:5450, nType:10, mType:0.
17:21:30.959574 PsiFactorPipeline.cpp:142 INF[10819 ] compute factorType:5450 done, cost:1247ms
014010220140102_0_N.parquet.
17:21:00.708334 PsiStockThread.cpp:28 INF[10822 ] PsiStockThread::run pthread_setaffinity_np success, cpuCore:18
17:21:01.155433 PsiReadWrite.cpp:154 INF[10819 ] readParquet ReadTable cost time :403,filename:/root/work/Code1/dataset/original/original/S1020301022014010220140102_0_N.parquet.

17:21:33.879633 PsiRunner.cpp:170 INF[10819 ] PsiRunner::run start file:/root/work/Code1/dataset/original/original/S1020301022014010320140103_0_N.parquet.19 ] compute factorType:5450 done, cost:1247ms
014010220140102_0_N.parquet.
17:21:00.708334 PsiStockThread.cpp:28 INF[10822 ] PsiStockThread::run pthread_setaffinity_np success, cpuCore:18
17:21:01.155433 PsiReadWrite.cpp:154 INF[10819 ] readParquet ReadTable cost time :403,filename:/root/work/Code1/dataset/original/original/S1020301022014010220140102_0_N.parquet.

Loaded 6683386 rows in 47 columns.
17:21:35.816492 PsiReadWrite.cpp:154 INF[10819 ] readParquet ReadTable cost time :358,filename:/root/work/Code1/dataset/original/original/S1020301022014010320140103_0_N.parquet.cpuCore:18
17:21:01.155433 PsiReadWrite.cpp:154 INF[10819 ] readParquet ReadTable cost time :403,filename:/root/work/Code1/dataset/original/original/S1020301022014010220140102_0_N.parquet.

Unique stock codes: 2341
17:21:51.799054 PsiReadWrite.cpp:362 INF[10819 ] readParquet handlerData cost time :15983t time :2855
17:21:33.879605 PsiReadWrite.cpp:392 INF[10819 ] readParquet clearData cost time :65
17:21:33.879633 PsiRunner.cpp:170 INF[10819 ] PsiRunner::run start file:/root/work/Code1/dataset/original/original/S1020301022014010320140103_0_N.parquet.
17:21:35.816492 PsiReadWrite.cpp:154 INF[10819 ] readParquet ReadTable cost time :358,filename:/root/work/Code1/dataset/original/original/S1020301022014010320140103_0_N.parquet.
puCore:18
17:21:01.155433 PsiReadWrite.cpp:154 INF[10819 ] readParquet ReadTable cost time :403,filename:/root/work/Code1/dataset/original/original/S1020301022014010220140102_0_N.parquet.

17:21:51.799751 PsiFactorPipeline.cpp:116 INF[10819 ] compute factor factorType:5447, nType:1, mType:0.33.879633 PsiRunner.cpp:170 INF[10819 ] PsiRunner::run start file:/root/work/Code1/dataset/original/original/S1020301022014010320140103_0_N.parquet.
17:21:35.816492 PsiReadWrite.cpp:154 INF[10819 ] readParquet ReadTable cost time :358,filename:/root/work/Code1/dataset/original/original/S1020301022014010320140103_0_N.parquet.
puCore:18
17:21:01.155433 PsiReadWrite.cpp:154 INF[10819 ] readParquet ReadTable cost time :403,filename:/root/work/Code1/dataset/original/original/S1020301022014010220140102_0_N.parquet.

17:21:52.900300 PsiFactorPipeline.cpp:142 INF[10819 ] compute factorType:5447 done, cost:1101msnal/original/S1020301022014010320140103_0_N.parquet.
17:21:35.816492 PsiReadWrite.cpp:154 INF[10819 ] readParquet ReadTable cost time :358,filename:/root/work/Code1/dataset/original/original/S1020301022014010320140103_0_N.parquet.
puCore:18
17:21:01.155433 PsiReadWrite.cpp:154 INF[10819 ] readParquet ReadTable cost time :403,filename:/root/work/Code1/dataset/original/original/S1020301022014010220140102_0_N.parquet.

17:21:55.665024 PsiReadWrite.cpp:377 INF[10819 ] readParquet generate_table and write cost time :27659751 PsiFactorPipeline.cpp:116 INF[10819 ] compute factor factorType:5447, nType:1, mType:0.
17:21:52.900300 PsiFactorPipeline.cpp:142 INF[10819 ] compute factorType:5447 done, cost:1101ms
al/original/S1020301022014010320140103_0_N.parquet.
17:21:35.816492 PsiReadWrite.cpp:154 INF[10819 ] readParquet ReadTable cost time :358,filename:/root/work/Code1/dataset/original/original/S1020301022014010320140103_0_N.parquet.
puCore:18
17:21:01.155433 PsiReadWrite.cpp:154 INF[10819 ] readParquet ReadTable cost time :403,filename:/root/work/Code1/dataset/original/original/S1020301022014010220140102_0_N.parquet.

17:21:55.729698 PsiReadWrite.cpp:392 INF[10819 ] readParquet clearData cost time :64Type:0.
17:21:52.900300 PsiFactorPipeline.cpp:142 INF[10819 ] compute factorType:5447 done, cost:1101ms
al/original/S1020301022014010320140103_0_N.parquet.
17:21:35.816492 PsiReadWrite.cpp:154 INF[10819 ] readParquet ReadTable cost time :358,filename:/root/work/Code1/dataset/original/original/S1020301022014010320140103_0_N.parquet.
puCore:18
17:21:01.155433 PsiReadWrite.cpp:154 INF[10819 ] readParquet ReadTable cost time :403,filename:/root/work/Code1/dataset/original/original/S1020301022014010220140102_0_N.parquet.

17:21:55.729778 PsiFactorPipeline.cpp:116 INF[10819 ] compute factor factorType:5448, nType:3, mType:0.al/original/S1020301022014010320140103_0_N.parquet.
17:21:35.816492 PsiReadWrite.cpp:154 INF[10819 ] readParquet ReadTable cost time :358,filename:/root/work/Code1/dataset/original/original/S1020301022014010320140103_0_N.parquet.
puCore:18
17:21:01.155433 PsiReadWrite.cpp:154 INF[10819 ] readParquet ReadTable cost time :403,filename:/root/work/Code1/dataset/original/original/S1020301022014010220140102_0_N.parquet.

17:21:56.851878 PsiFactorPipeline.cpp:142 INF[10819 ] compute factorType:5448 done, cost:1122ms19 ] readParquet ReadTable cost time :358,filename:/root/work/Code1/dataset/original/original/S1020301022014010320140103_0_N.parquet.
puCore:18
17:21:01.155433 PsiReadWrite.cpp:154 INF[10819 ] readParquet ReadTable cost time :403,filename:/root/work/Code1/dataset/original/original/S1020301022014010220140102_0_N.parquet.

17:21:59.675718 PsiReadWrite.cpp:377 INF[10819 ] readParquet generate_table and write cost time :2824
17:21:55.729698 PsiReadWrite.cpp:392 INF[10819 ] readParquet clearData cost time :64
17:21:55.729778 PsiFactorPipeline.cpp:116 INF[10819 ] compute factor factorType:5448, nType:3, mType:0.
17:21:56.851878 PsiFactorPipeline.cpp:142 INF[10819 ] compute factorType:5448 done, cost:1122ms
9 ] readParquet ReadTable cost time :358,filename:/root/work/Code1/dataset/original/original/S1020301022014010320140103_0_N.parquet.
puCore:18
17:21:01.155433 PsiReadWrite.cpp:154 INF[10819 ] readParquet ReadTable cost time :403,filename:/root/work/Code1/dataset/original/original/S1020301022014010220140102_0_N.parquet.

17:21:59.745490 PsiReadWrite.cpp:392 INF[10819 ] readParquet clearData cost time :70
17:21:55.729778 PsiFactorPipeline.cpp:116 INF[10819 ] compute factor factorType:5448, nType:3, mType:0.
17:21:56.851878 PsiFactorPipeline.cpp:142 INF[10819 ] compute factorType:5448 done, cost:1122ms
9 ] readParquet ReadTable cost time :358,filename:/root/work/Code1/dataset/original/original/S1020301022014010320140103_0_N.parquet.
puCore:18
17:21:01.155433 PsiReadWrite.cpp:154 INF[10819 ] readParquet ReadTable cost time :403,filename:/root/work/Code1/dataset/original/original/S1020301022014010220140102_0_N.parquet.

17:21:59.745583 PsiFactorPipeline.cpp:116 INF[10819 ] compute factor factorType:5449, nType:5, mType:0.
17:21:56.851878 PsiFactorPipeline.cpp:142 INF[10819 ] compute factorType:5448 done, cost:1122ms
9 ] readParquet ReadTable cost time :358,filename:/root/work/Code1/dataset/original/original/S1020301022014010320140103_0_N.parquet.
puCore:18
17:21:01.155433 PsiReadWrite.cpp:154 INF[10819 ] readParquet ReadTable cost time :403,filename:/root/work/Code1/dataset/original/original/S1020301022014010220140102_0_N.parquet.

17:22:00.949657 PsiFactorPipeline.cpp:142 INF[10819 ] compute factorType:5449 done, cost:1204ms
9 ] readParquet ReadTable cost time :358,filename:/root/work/Code1/dataset/original/original/S1020301022014010320140103_0_N.parquet.
puCore:18
17:21:01.155433 PsiReadWrite.cpp:154 INF[10819 ] readParquet ReadTable cost time :403,filename:/root/work/Code1/dataset/original/original/S1020301022014010220140102_0_N.parquet.

17:22:03.812608 PsiReadWrite.cpp:377 INF[10819 ] readParquet generate_table and write cost time :2863
17:21:59.745490 PsiReadWrite.cpp:392 INF[10819 ] readParquet clearData cost time :70
17:21:59.745583 PsiFactorPipeline.cpp:116 INF[10819 ] compute factor factorType:5449, nType:5, mType:0.
17:22:00.949657 PsiFactorPipeline.cpp:142 INF[10819 ] compute factorType:5449 done, cost:1204ms
9 ] readParquet ReadTable cost time :358,filename:/root/work/Code1/dataset/original/original/S1020301022014010320140103_0_N.parquet.
puCore:18
17:21:01.155433 PsiReadWrite.cpp:154 INF[10819 ] readParquet ReadTable cost time :403,filename:/root/work/Code1/dataset/original/original/S1020301022014010220140102_0_N.parquet.

17:22:03.882411 PsiReadWrite.cpp:392 INF[10819 ] readParquet clearData cost time :70
17:21:59.745583 PsiFactorPipeline.cpp:116 INF[10819 ] compute factor factorType:5449, nType:5, mType:0.
17:22:00.949657 PsiFactorPipeline.cpp:142 INF[10819 ] compute factorType:5449 done, cost:1204ms
9 ] readParquet ReadTable cost time :358,filename:/root/work/Code1/dataset/original/original/S1020301022014010320140103_0_N.parquet.
puCore:18
17:21:01.155433 PsiReadWrite.cpp:154 INF[10819 ] readParquet ReadTable cost time :403,filename:/root/work/Code1/dataset/original/original/S1020301022014010220140102_0_N.parquet.

17:22:03.882508 PsiFactorPipeline.cpp:116 INF[10819 ] compute factor factorType:5450, nType:10, mType:0.17:22:00.949657 PsiFactorPipeline.cpp:142 INF[10819 ] compute factorType:5449 done, cost:1204ms
9 ] readParquet ReadTable cost time :358,filename:/root/work/Code1/dataset/original/original/S1020301022014010320140103_0_N.parquet.
puCore:18
17:21:01.155433 PsiReadWrite.cpp:154 INF[10819 ] readParquet ReadTable cost time :403,filename:/root/work/Code1/dataset/original/original/S1020301022014010220140102_0_N.parquet.

17:22:05.151065 PsiFactorPipeline.cpp:142 INF[10819 ] compute factorType:5450 done, cost:1269ms9 ] readParquet ReadTable cost time :358,filename:/root/work/Code1/dataset/original/original/S1020301022014010320140103_0_N.parquet.
puCore:18
17:21:01.155433 PsiReadWrite.cpp:154 INF[10819 ] readParquet ReadTable cost time :403,filename:/root/work/Code1/dataset/original/original/S1020301022014010220140102_0_N.parquet.

17:22:08.072803 PsiReadWrite.cpp:377 INF[10819 ] readParquet generate_table and write cost time :2921
17:22:03.882411 PsiReadWrite.cpp:392 INF[10819 ] readParquet clearData cost time :70
17:22:03.882508 PsiFactorPipeline.cpp:116 INF[10819 ] compute factor factorType:5450, nType:10, mType:0.
17:22:05.151065 PsiFactorPipeline.cpp:142 INF[10819 ] compute factorType:5450 done, cost:1269ms
 ] readParquet ReadTable cost time :358,filename:/root/work/Code1/dataset/original/original/S1020301022014010320140103_0_N.parquet.
puCore:18
17:21:01.155433 PsiReadWrite.cpp:154 INF[10819 ] readParquet ReadTable cost time :403,filename:/root/work/Code1/dataset/original/original/S1020301022014010220140102_0_N.parquet.

17:22:08.142363 PsiReadWrite.cpp:392 INF[10819 ] readParquet clearData cost time :70
17:22:03.882508 PsiFactorPipeline.cpp:116 INF[10819 ] compute factor factorType:5450, nType:10, mType:0.
17:22:05.151065 PsiFactorPipeline.cpp:142 INF[10819 ] compute factorType:5450 done, cost:1269ms
 ] readParquet ReadTable cost time :358,filename:/root/work/Code1/dataset/original/original/S1020301022014010320140103_0_N.parquet.
puCore:18
17:21:01.155433 PsiReadWrite.cpp:154 INF[10819 ] readParquet ReadTable cost time :403,filename:/root/work/Code1/dataset/original/original/S1020301022014010220140102_0_N.parquet.

17:22:08.142390 PsiRunner.cpp:178 INF[10819 ] PsiRunner::run all files done.ype:5450, nType:10, mType:0.
17:22:05.151065 PsiFactorPipeline.cpp:142 INF[10819 ] compute factorType:5450 done, cost:1269ms
 ] readParquet ReadTable cost time :358,filename:/root/work/Code1/dataset/original/original/S1020301022014010320140103_0_N.parquet.
puCore:18
17:21:01.155433 PsiReadWrite.cpp:154 INF[10819 ] readParquet ReadTable cost time :403,filename:/root/work/Code1/dataset/original/original/S1020301022014010220140102_0_N.parquet.

