[FmtLog] Start Log Thread Affinity Success! Cpu Core:14
17:24:21.827272 PsiRunner.cpp:37 INF[11080 ] PsiRunner::config read config.yaml
17:24:21.829138 PsiRunner.cpp:88 INF[11080 ] PsiRunner::config Read basefiles
17:24:21.829242 PsiFactorPipeline.cpp:35 INF[11080 ] PsiFactorPipeline::init 4 factor tasks, 1 workers.
17:24:21.829243 PsiRunner.cpp:170 INF[11080 ] PsiRunner::run start file:/root/work/Code1/dataset/original/original/S1020301022014010220140102_0_N.parquet.
17:24:21.829505 PsiStockThread.cpp:28 INF[11083 ] PsiStockThread::run pthread_setaffinity_np success, cpuCore:18
17:24:22.296112 PsiReadWrite.cpp:154 INF[11080 ] readParquet ReadTable cost time :422,filename:/root/work/Code1/dataset/original/original/S1020301022014010220140102_0_N.parquet.
Loaded 6512302 rows in 47 columns.
Unique stock codes: 2348
17:24:37.451045 PsiReadWrite.cpp:362 INF[11080 ] readParquet handlerData cost time :15155829138 PsiRunner.cpp:88 INF[11080 ] PsiRunner::config Read basefiles
17:24:21.829242 PsiFactorPipeline.cpp:35 INF[11080 ] PsiFactorPipeline::init 4 factor tasks, 1 workers.
17:24:21.829243 PsiRunner.cpp:170 INF[11080 ] PsiRunner::run start file:/root/work/Code1/dataset/original/original/S1020301022014010220140102_0_N.parquet.
17:24:21.829505 PsiStockThread.cpp:28 INF[11083 ] PsiStockThread::run pthread_setaffinity_np success, cpuCore:18
17:24:22.296112 PsiReadWrite.cpp:154 INF[11080 ] readParquet ReadTable cost time :422,filename:/root/work/Code1/dataset/original/original/S1020301022014010220140102_0_N.parquet.

17:24:37.452163 PsiFactorPipeline.cpp:116 INF[11080 ] compute factor factorType:5447, nType:1, mType:0.pp:35 INF[11080 ] PsiFactorPipeline::init 4 factor tasks, 1 workers.
17:24:21.829243 PsiRunner.cpp:170 INF[11080 ] PsiRunner::run start file:/root/work/Code1/dataset/original/original/S1020301022014010220140102_0_N.parquet.
17:24:21.829505 PsiStockThread.cpp:28 INF[11083 ] PsiStockThread::run pthread_setaffinity_np success, cpuCore:18
17:24:22.296112 PsiReadWrite.cpp:154 INF[11080 ] readParquet ReadTable cost time :422,filename:/root/work/Code1/dataset/original/original/S1020301022014010220140102_0_N.parquet.

17:24:38.540332 PsiFactorPipeline.cpp:142 INF[11080 ] compute factorType:5447 done, cost:1088mspp:170 INF[11080 ] PsiRunner::run start file:/root/work/Code1/dataset/original/original/S1020301022014010220140102_0_N.parquet.
17:24:21.829505 PsiStockThread.cpp:28 INF[11083 ] PsiStockThread::run pthread_setaffinity_np success, cpuCore:18
17:24:22.296112 PsiReadWrite.cpp:154 INF[11080 ] readParquet ReadTable cost time :422,filename:/root/work/Code1/dataset/original/original/S1020301022014010220140102_0_N.parquet.

17:24:41.233361 PsiReadWrite.cpp:377 INF[11080 ] readParquet generate_table and write cost time :26932163 PsiFactorPipeline.cpp:116 INF[11080 ] compute factor factorType:5447, nType:1, mType:0.
17:24:38.540332 PsiFactorPipeline.cpp:142 INF[11080 ] compute factorType:5447 done, cost:1088ms
p:170 INF[11080 ] PsiRunner::run start file:/root/work/Code1/dataset/original/original/S1020301022014010220140102_0_N.parquet.
17:24:21.829505 PsiStockThread.cpp:28 INF[11083 ] PsiStockThread::run pthread_setaffinity_np success, cpuCore:18
17:24:22.296112 PsiReadWrite.cpp:154 INF[11080 ] readParquet ReadTable cost time :422,filename:/root/work/Code1/dataset/original/original/S1020301022014010220140102_0_N.parquet.

17:24:41.298508 PsiReadWrite.cpp:392 INF[11080 ] readParquet clearData cost time :65Type:0.
17:24:38.540332 PsiFactorPipeline.cpp:142 INF[11080 ] compute factorType:5447 done, cost:1088ms
p:170 INF[11080 ] PsiRunner::run start file:/root/work/Code1/dataset/original/original/S1020301022014010220140102_0_N.parquet.
17:24:21.829505 PsiStockThread.cpp:28 INF[11083 ] PsiStockThread::run pthread_setaffinity_np success, cpuCore:18
17:24:22.296112 PsiReadWrite.cpp:154 INF[11080 ] readParquet ReadTable cost time :422,filename:/root/work/Code1/dataset/original/original/S1020301022014010220140102_0_N.parquet.

17:24:41.298593 PsiFactorPipeline.cpp:116 INF[11080 ] compute factor factorType:5448, nType:3, mType:0.p:170 INF[11080 ] PsiRunner::run start file:/root/work/Code1/dataset/original/original/S1020301022014010220140102_0_N.parquet.
17:24:21.829505 PsiStockThread.cpp:28 INF[11083 ] PsiStockThread::run pthread_setaffinity_np success, cpuCore:18
17:24:22.296112 PsiReadWrite.cpp:154 INF[11080 ] readParquet ReadTable cost time :422,filename:/root/work/Code1/dataset/original/original/S1020301022014010220140102_0_N.parquet.

17:24:42.402141 PsiFactorPipeline.cpp:142 INF[11080 ] compute factorType:5448 done, cost:1104ms22014010220140102_0_N.parquet.
17:24:21.829505 PsiStockThread.cpp:28 INF[11083 ] PsiStockThread::run pthread_setaffinity_np success, cpuCore:18
17:24:22.296112 PsiReadWrite.cpp:154 INF[11080 ] readParquet ReadTable cost time :422,filename:/root/work/Code1/dataset/original/original/S1020301022014010220140102_0_N.parquet.

17:24:45.108191 PsiReadWrite.cpp:377 INF[11080 ] readParquet generate_table and write cost time :2706
17:24:41.298508 PsiReadWrite.cpp:392 INF[11080 ] readParquet clearData cost time :65
17:24:41.298593 PsiFactorPipeline.cpp:116 INF[11080 ] compute factor factorType:5448, nType:3, mType:0.
17:24:42.402141 PsiFactorPipeline.cpp:142 INF[11080 ] compute factorType:5448 done, cost:1104ms
2014010220140102_0_N.parquet.
17:24:21.829505 PsiStockThread.cpp:28 INF[11083 ] PsiStockThread::run pthread_setaffinity_np success, cpuCore:18
17:24:22.296112 PsiReadWrite.cpp:154 INF[11080 ] readParquet ReadTable cost time :422,filename:/root/work/Code1/dataset/original/original/S1020301022014010220140102_0_N.parquet.

17:24:45.173389 PsiReadWrite.cpp:392 INF[11080 ] readParquet clearData cost time :65
17:24:41.298593 PsiFactorPipeline.cpp:116 INF[11080 ] compute factor factorType:5448, nType:3, mType:0.
17:24:42.402141 PsiFactorPipeline.cpp:142 INF[11080 ] compute factorType:5448 done, cost:1104ms
2014010220140102_0_N.parquet.
17:24:21.829505 PsiStockThread.cpp:28 INF[11083 ] PsiStockThread::run pthread_setaffinity_np success, cpuCore:18
17:24:22.296112 PsiReadWrite.cpp:154 INF[11080 ] readParquet ReadTable cost time :422,filename:/root/work/Code1/dataset/original/original/S1020301022014010220140102_0_N.parquet.

17:24:45.173483 PsiFactorPipeline.cpp:116 INF[11080 ] compute factor factorType:5449, nType:5, mType:0.
17:24:42.402141 PsiFactorPipeline.cpp:142 INF[11080 ] compute factorType:5448 done, cost:1104ms
2014010220140102_0_N.parquet.
17:24:21.829505 PsiStockThread.cpp:28 INF[11083 ] PsiStockThread::run pthread_setaffinity_np success, cpuCore:18
17:24:22.296112 PsiReadWrite.cpp:154 INF[11080 ] readParquet ReadTable cost time :422,filename:/root/work/Code1/dataset/original/original/S1020301022014010220140102_0_N.parquet.

17:24:46.339740 PsiFactorPipeline.cpp:142 INF[11080 ] compute factorType:5449 done, cost:1166ms
2014010220140102_0_N.parquet.
17:24:21.829505 PsiStockThread.cpp:28 INF[11083 ] PsiStockThread::run pthread_setaffinity_np success, cpuCore:18
17:24:22.296112 PsiReadWrite.cpp:154 INF[11080 ] readParquet ReadTable cost time :422,filename:/root/work/Code1/dataset/original/original/S1020301022014010220140102_0_N.parquet.

17:24:49.084440 PsiReadWrite.cpp:377 INF[11080 ] readParquet generate_table and write cost time :2745
17:24:45.173389 PsiReadWrite.cpp:392 INF[11080 ] readParquet clearData cost time :65
17:24:45.173483 PsiFactorPipeline.cpp:116 INF[11080 ] compute factor factorType:5449, nType:5, mType:0.
17:24:46.339740 PsiFactorPipeline.cpp:142 INF[11080 ] compute factorType:5449 done, cost:1166ms
2014010220140102_0_N.parquet.
17:24:21.829505 PsiStockThread.cpp:28 INF[11083 ] PsiStockThread::run pthread_setaffinity_np success, cpuCore:18
17:24:22.296112 PsiReadWrite.cpp:154 INF[11080 ] readParquet ReadTable cost time :422,filename:/root/work/Code1/dataset/original/original/S1020301022014010220140102_0_N.parquet.

17:24:49.149912 PsiReadWrite.cpp:392 INF[11080 ] readParquet clearData cost time :65
17:24:45.173483 PsiFactorPipeline.cpp:116 INF[11080 ] compute factor factorType:5449, nType:5, mType:0.
17:24:46.339740 PsiFactorPipeline.cpp:142 INF[11080 ] compute factorType:5449 done, cost:1166ms
2014010220140102_0_N.parquet.
17:24:21.829505 PsiStockThread.cpp:28 INF[11083 ] PsiStockThread::run pthread_setaffinity_np success, cpuCore:18
17:24:22.296112 PsiReadWrite.cpp:154 INF[11080 ] readParquet ReadTable cost time :422,filename:/root/work/Code1/dataset/original/original/S1020301022014010220140102_0_N.parquet.

17:24:49.149987 PsiFactorPipeline.cpp:116 INF[11080 ] compute factor factorType:5450, nType:10, mType:0.17:24:46.339740 PsiFactorPipeline.cpp:142 INF[11080 ] compute factorType:5449 done, cost:1166ms
2014010220140102_0_N.parquet.
17:24:21.829505 PsiStockThread.cpp:28 INF[11083 ] PsiStockThread::run pthread_setaffinity_np success, cpuCore:18
17:24:22.296112 PsiReadWrite.cpp:154 INF[11080 ] readParquet ReadTable cost time :422,filename:/root/work/Code1/dataset/original/original/S1020301022014010220140102_0_N.parquet.

17:24:50.399356 PsiFactorPipeline.cpp:142 INF[11080 ] compute factorType:5450 done, cost:1250ms2014010220140102_0_N.parquet.
17:24:21.829505 PsiStockThread.cpp:28 INF[11083 ] PsiStockThread::run pthread_setaffinity_np success, cpuCore:18
17:24:22.296112 PsiReadWrite.cpp:154 INF[11080 ] readParquet ReadTable cost time :422,filename:/root/work/Code1/dataset/original/original/S1020301022014010220140102_0_N.parquet.

17:24:53.204662 PsiReadWrite.cpp:377 INF[11080 ] readParquet generate_table and write cost time :2805
17:24:49.149912 PsiReadWrite.cpp:392 INF[11080 ] readParquet clearData cost time :65
17:24:49.149987 PsiFactorPipeline.cpp:116 INF[11080 ] compute factor factorType:5450, nType:10, mType:0.
17:24:50.399356 PsiFactorPipeline.cpp:142 INF[11080 ] compute factorType:5450 done, cost:1250ms
014010220140102_0_N.parquet.
17:24:21.829505 PsiStockThread.cpp:28 INF[11083 ] PsiStockThread::run pthread_setaffinity_np success, cpuCore:18
17:24:22.296112 PsiReadWrite.cpp:154 INF[11080 ] readParquet ReadTable cost time :422,filename:/root/work/Code1/dataset/original/original/S1020301022014010220140102_0_N.parquet.

17:24:53.270391 PsiReadWrite.cpp:392 INF[11080 ] readParquet clearData cost time :66
17:24:49.149987 PsiFactorPipeline.cpp:116 INF[11080 ] compute factor factorType:5450, nType:10, mType:0.
17:24:50.399356 PsiFactorPipeline.cpp:142 INF[11080 ] compute factorType:5450 done, cost:1250ms
014010220140102_0_N.parquet.
17:24:21.829505 PsiStockThread.cpp:28 INF[11083 ] PsiStockThread::run pthread_setaffinity_np success, cpuCore:18
17:24:22.296112 PsiReadWrite.cpp:154 INF[11080 ] readParquet ReadTable cost time :422,filename:/root/work/Code1/dataset/original/original/S1020301022014010220140102_0_N.parquet.

17:24:53.270413 PsiRunner.cpp:170 INF[11080 ] PsiRunner::run start file:/root/work/Code1/dataset/original/original/S1020301022014010320140103_0_N.parquet.80 ] compute factorType:5450 done, cost:1250ms
014010220140102_0_N.parquet.
17:24:21.829505 PsiStockThread.cpp:28 INF[11083 ] PsiStockThread::run pthread_setaffinity_np success, cpuCore:18
17:24:22.296112 PsiReadWrite.cpp:154 INF[11080 ] readParquet ReadTable cost time :422,filename:/root/work/Code1/dataset/original/original/S1020301022014010220140102_0_N.parquet.

Loaded 6683386 rows in 47 columns.
17:24:55.240685 PsiReadWrite.cpp:154 INF[11080 ] readParquet ReadTable cost time :445,filename:/root/work/Code1/dataset/original/original/S1020301022014010320140103_0_N.parquet.cpuCore:18
17:24:22.296112 PsiReadWrite.cpp:154 INF[11080 ] readParquet ReadTable cost time :422,filename:/root/work/Code1/dataset/original/original/S1020301022014010220140102_0_N.parquet.

Unique stock codes: 2341
17:25:10.434070 PsiReadWrite.cpp:362 INF[11080 ] readParquet handlerData cost time :15194t time :2805
17:24:53.270391 PsiReadWrite.cpp:392 INF[11080 ] readParquet clearData cost time :66
17:24:53.270413 PsiRunner.cpp:170 INF[11080 ] PsiRunner::run start file:/root/work/Code1/dataset/original/original/S1020301022014010320140103_0_N.parquet.
17:24:55.240685 PsiReadWrite.cpp:154 INF[11080 ] readParquet ReadTable cost time :445,filename:/root/work/Code1/dataset/original/original/S1020301022014010320140103_0_N.parquet.
puCore:18
17:24:22.296112 PsiReadWrite.cpp:154 INF[11080 ] readParquet ReadTable cost time :422,filename:/root/work/Code1/dataset/original/original/S1020301022014010220140102_0_N.parquet.

17:25:10.434805 PsiFactorPipeline.cpp:116 INF[11080 ] compute factor factorType:5447, nType:1, mType:0.53.270413 PsiRunner.cpp:170 INF[11080 ] PsiRunner::run start file:/root/work/Code1/dataset/original/original/S1020301022014010320140103_0_N.parquet.
17:24:55.240685 PsiReadWrite.cpp:154 INF[11080 ] readParquet ReadTable cost time :445,filename:/root/work/Code1/dataset/original/original/S1020301022014010320140103_0_N.parquet.
puCore:18
17:24:22.296112 PsiReadWrite.cpp:154 INF[11080 ] readParquet ReadTable cost time :422,filename:/root/work/Code1/dataset/original/original/S1020301022014010220140102_0_N.parquet.

17:25:11.526604 PsiFactorPipeline.cpp:142 INF[11080 ] compute factorType:5447 done, cost:1092msnal/original/S1020301022014010320140103_0_N.parquet.
17:24:55.240685 PsiReadWrite.cpp:154 INF[11080 ] readParquet ReadTable cost time :445,filename:/root/work/Code1/dataset/original/original/S1020301022014010320140103_0_N.parquet.
puCore:18
17:24:22.296112 PsiReadWrite.cpp:154 INF[11080 ] readParquet ReadTable cost time :422,filename:/root/work/Code1/dataset/original/original/S1020301022014010220140102_0_N.parquet.

17:25:14.259999 PsiReadWrite.cpp:377 INF[11080 ] readParquet generate_table and write cost time :27334805 PsiFactorPipeline.cpp:116 INF[11080 ] compute factor factorType:5447, nType:1, mType:0.
17:25:11.526604 PsiFactorPipeline.cpp:142 INF[11080 ] compute factorType:5447 done, cost:1092ms
al/original/S1020301022014010320140103_0_N.parquet.
17:24:55.240685 PsiReadWrite.cpp:154 INF[11080 ] readParquet ReadTable cost time :445,filename:/root/work/Code1/dataset/original/original/S1020301022014010320140103_0_N.parquet.
puCore:18
17:24:22.296112 PsiReadWrite.cpp:154 INF[11080 ] readParquet ReadTable cost time :422,filename:/root/work/Code1/dataset/original/original/S1020301022014010220140102_0_N.parquet.

17:25:14.324217 PsiReadWrite.cpp:392 INF[11080 ] readParquet clearData cost time :65Type:0.
17:25:11.526604 PsiFactorPipeline.cpp:142 INF[11080 ] compute factorType:5447 done, cost:1092ms
al/original/S1020301022014010320140103_0_N.parquet.
17:24:55.240685 PsiReadWrite.cpp:154 INF[11080 ] readParquet ReadTable cost time :445,filename:/root/work/Code1/dataset/original/original/S1020301022014010320140103_0_N.parquet.
puCore:18
17:24:22.296112 PsiReadWrite.cpp:154 INF[11080 ] readParquet ReadTable cost time :422,filename:/root/work/Code1/dataset/original/original/S1020301022014010220140102_0_N.parquet.

17:25:14.324298 PsiFactorPipeline.cpp:116 INF[11080 ] compute factor factorType:5448, nType:3, mType:0.al/original/S1020301022014010320140103_0_N.parquet.
17:24:55.240685 PsiReadWrite.cpp:154 INF[11080 ] readParquet ReadTable cost time :445,filename:/root/work/Code1/dataset/original/original/S1020301022014010320140103_0_N.parquet.
puCore:18
17:24:22.296112 PsiReadWrite.cpp:154 INF[11080 ] readParquet ReadTable cost time :422,filename:/root/work/Code1/dataset/original/original/S1020301022014010220140102_0_N.parquet.

17:25:15.444851 PsiFactorPipeline.cpp:142 INF[11080 ] compute factorType:5448 done, cost:1120ms80 ] readParquet ReadTable cost time :445,filename:/root/work/Code1/dataset/original/original/S1020301022014010320140103_0_N.parquet.
puCore:18
17:24:22.296112 PsiReadWrite.cpp:154 INF[11080 ] readParquet ReadTable cost time :422,filename:/root/work/Code1/dataset/original/original/S1020301022014010220140102_0_N.parquet.

17:25:18.360316 PsiReadWrite.cpp:377 INF[11080 ] readParquet generate_table and write cost time :2916
17:25:14.324217 PsiReadWrite.cpp:392 INF[11080 ] readParquet clearData cost time :65
17:25:14.324298 PsiFactorPipeline.cpp:116 INF[11080 ] compute factor factorType:5448, nType:3, mType:0.
17:25:15.444851 PsiFactorPipeline.cpp:142 INF[11080 ] compute factorType:5448 done, cost:1120ms
0 ] readParquet ReadTable cost time :445,filename:/root/work/Code1/dataset/original/original/S1020301022014010320140103_0_N.parquet.
puCore:18
17:24:22.296112 PsiReadWrite.cpp:154 INF[11080 ] readParquet ReadTable cost time :422,filename:/root/work/Code1/dataset/original/original/S1020301022014010220140102_0_N.parquet.

17:25:18.430789 PsiReadWrite.cpp:392 INF[11080 ] readParquet clearData cost time :70
17:25:14.324298 PsiFactorPipeline.cpp:116 INF[11080 ] compute factor factorType:5448, nType:3, mType:0.
17:25:15.444851 PsiFactorPipeline.cpp:142 INF[11080 ] compute factorType:5448 done, cost:1120ms
0 ] readParquet ReadTable cost time :445,filename:/root/work/Code1/dataset/original/original/S1020301022014010320140103_0_N.parquet.
puCore:18
17:24:22.296112 PsiReadWrite.cpp:154 INF[11080 ] readParquet ReadTable cost time :422,filename:/root/work/Code1/dataset/original/original/S1020301022014010220140102_0_N.parquet.

17:25:18.430861 PsiFactorPipeline.cpp:116 INF[11080 ] compute factor factorType:5449, nType:5, mType:0.
17:25:15.444851 PsiFactorPipeline.cpp:142 INF[11080 ] compute factorType:5448 done, cost:1120ms
0 ] readParquet ReadTable cost time :445,filename:/root/work/Code1/dataset/original/original/S1020301022014010320140103_0_N.parquet.
puCore:18
17:24:22.296112 PsiReadWrite.cpp:154 INF[11080 ] readParquet ReadTable cost time :422,filename:/root/work/Code1/dataset/original/original/S1020301022014010220140102_0_N.parquet.

17:25:19.644548 PsiFactorPipeline.cpp:142 INF[11080 ] compute factorType:5449 done, cost:1214ms
0 ] readParquet ReadTable cost time :445,filename:/root/work/Code1/dataset/original/original/S1020301022014010320140103_0_N.parquet.
puCore:18
17:24:22.296112 PsiReadWrite.cpp:154 INF[11080 ] readParquet ReadTable cost time :422,filename:/root/work/Code1/dataset/original/original/S1020301022014010220140102_0_N.parquet.

17:25:22.439575 PsiReadWrite.cpp:377 INF[11080 ] readParquet generate_table and write cost time :2795
17:25:18.430789 PsiReadWrite.cpp:392 INF[11080 ] readParquet clearData cost time :70
17:25:18.430861 PsiFactorPipeline.cpp:116 INF[11080 ] compute factor factorType:5449, nType:5, mType:0.
17:25:19.644548 PsiFactorPipeline.cpp:142 INF[11080 ] compute factorType:5449 done, cost:1214ms
0 ] readParquet ReadTable cost time :445,filename:/root/work/Code1/dataset/original/original/S1020301022014010320140103_0_N.parquet.
puCore:18
17:24:22.296112 PsiReadWrite.cpp:154 INF[11080 ] readParquet ReadTable cost time :422,filename:/root/work/Code1/dataset/original/original/S1020301022014010220140102_0_N.parquet.

17:25:22.510296 PsiReadWrite.cpp:392 INF[11080 ] readParquet clearData cost time :71
17:25:18.430861 PsiFactorPipeline.cpp:116 INF[11080 ] compute factor factorType:5449, nType:5, mType:0.
17:25:19.644548 PsiFactorPipeline.cpp:142 INF[11080 ] compute factorType:5449 done, cost:1214ms
0 ] readParquet ReadTable cost time :445,filename:/root/work/Code1/dataset/original/original/S1020301022014010320140103_0_N.parquet.
puCore:18
17:24:22.296112 PsiReadWrite.cpp:154 INF[11080 ] readParquet ReadTable cost time :422,filename:/root/work/Code1/dataset/original/original/S1020301022014010220140102_0_N.parquet.

17:25:22.510376 PsiFactorPipeline.cpp:116 INF[11080 ] compute factor factorType:5450, nType:10, mType:0.17:25:19.644548 PsiFactorPipeline.cpp:142 INF[11080 ] compute factorType:5449 done, cost:1214ms
0 ] readParquet ReadTable cost time :445,filename:/root/work/Code1/dataset/original/original/S1020301022014010320140103_0_N.parquet.
puCore:18
17:24:22.296112 PsiReadWrite.cpp:154 INF[11080 ] readParquet ReadTable cost time :422,filename:/root/work/Code1/dataset/original/original/S1020301022014010220140102_0_N.parquet.

17:25:23.788248 PsiFactorPipeline.cpp:142 INF[11080 ] compute factorType:5450 done, cost:1278ms0 ] readParquet ReadTable cost time :445,filename:/root/work/Code1/dataset/original/original/S1020301022014010320140103_0_N.parquet.
puCore:18
17:24:22.296112 PsiReadWrite.cpp:154 INF[11080 ] readParquet ReadTable cost time :422,filename:/root/work/Code1/dataset/original/original/S1020301022014010220140102_0_N.parquet.

17:25:26.680458 PsiReadWrite.cpp:377 INF[11080 ] readParquet generate_table and write cost time :2892
17:25:22.510296 PsiReadWrite.cpp:392 INF[11080 ] readParquet clearData cost time :71
17:25:22.510376 PsiFactorPipeline.cpp:116 INF[11080 ] compute factor factorType:5450, nType:10, mType:0.
17:25:23.788248 PsiFactorPipeline.cpp:142 INF[11080 ] compute factorType:5450 done, cost:1278ms
 ] readParquet ReadTable cost time :445,filename:/root/work/Code1/dataset/original/original/S1020301022014010320140103_0_N.parquet.
puCore:18
17:24:22.296112 PsiReadWrite.cpp:154 INF[11080 ] readParquet ReadTable cost time :422,filename:/root/work/Code1/dataset/original/original/S1020301022014010220140102_0_N.parquet.

17:25:26.750410 PsiReadWrite.cpp:392 INF[11080 ] readParquet clearData cost time :70
17:25:22.510376 PsiFactorPipeline.cpp:116 INF[11080 ] compute factor factorType:5450, nType:10, mType:0.
17:25:23.788248 PsiFactorPipeline.cpp:142 INF[11080 ] compute factorType:5450 done, cost:1278ms
 ] readParquet ReadTable cost time :445,filename:/root/work/Code1/dataset/original/original/S1020301022014010320140103_0_N.parquet.
puCore:18
17:24:22.296112 PsiReadWrite.cpp:154 INF[11080 ] readParquet ReadTable cost time :422,filename:/root/work/Code1/dataset/original/original/S1020301022014010220140102_0_N.parquet.

17:25:26.750435 PsiRunner.cpp:178 INF[11080 ] PsiRunner::run all files done.ype:5450, nType:10, mType:0.
17:25:23.788248 PsiFactorPipeline.cpp:142 INF[11080 ] compute factorType:5450 done, cost:1278ms
 ] readParquet ReadTable cost time :445,filename:/root/work/Code1/dataset/original/original/S1020301022014010320140103_0_N.parquet.
puCore:18
17:24:22.296112 PsiReadWrite.cpp:154 INF[11080 ] readParquet ReadTable cost time :422,filename:/root/work/Code1/dataset/original/original/S1020301022014010220140102_0_N.parquet.

