[FmtLog] Start Log Thread Affinity Success! Cpu Core:14
16:15:59.242519 PsiRunner.cpp:37 INF[7336  ] PsiRunner::config read config.yaml
16:15:59.243804 PsiRunner.cpp:88 INF[7336  ] PsiRunner::config Read basefiles
16:15:59.243879 PsiFactorPipeline.cpp:35 INF[7336  ] PsiFactorPipeline::init 4 factor tasks, 1 workers.
16:15:59.243880 PsiRunner.cpp:170 INF[7336  ] PsiRunner::run start file:/root/work/Code1/dataset/original/original/S1020301022014010220140102_0_N.parquet.
16:15:59.244206 PsiStockThread.cpp:28 INF[7340  ] PsiStockThread::run pthread_setaffinity_np success, cpuCore:18
Loaded 16:15:59.674196 PsiReadWrite.cpp:149 INF[7336  ] readParquet ReadTable cost time :403,filename:/root/work/Code1/dataset/original/original/S1020301022014010220140102_0_N.parquet.
6512302 rows in 47 columns.
Unique stock codes: 2348
16:16:20.651369 PsiReadWrite.cpp:362 INF[7336  ] readParquet handlerData cost time :20977243804 PsiRunner.cpp:88 INF[7336  ] PsiRunner::config Read basefiles
16:15:59.243879 PsiFactorPipeline.cpp:35 INF[7336  ] PsiFactorPipeline::init 4 factor tasks, 1 workers.
16:15:59.243880 PsiRunner.cpp:170 INF[7336  ] PsiRunner::run start file:/root/work/Code1/dataset/original/original/S1020301022014010220140102_0_N.parquet.
16:15:59.244206 PsiStockThread.cpp:28 INF[7340  ] PsiStockThread::run pthread_setaffinity_np success, cpuCore:18
16:15:59.674196 PsiReadWrite.cpp:149 INF[7336  ] readParquet ReadTable cost time :403,filename:/root/work/Code1/dataset/original/original/S1020301022014010220140102_0_N.parquet.

16:16:20.651992 PsiFactorPipeline.cpp:116 INF[7336  ] compute factor factorType:5447, nType:1, mType:0.pp:35 INF[7336  ] PsiFactorPipeline::init 4 factor tasks, 1 workers.
16:15:59.243880 PsiRunner.cpp:170 INF[7336  ] PsiRunner::run start file:/root/work/Code1/dataset/original/original/S1020301022014010220140102_0_N.parquet.
16:15:59.244206 PsiStockThread.cpp:28 INF[7340  ] PsiStockThread::run pthread_setaffinity_np success, cpuCore:18
16:15:59.674196 PsiReadWrite.cpp:149 INF[7336  ] readParquet ReadTable cost time :403,filename:/root/work/Code1/dataset/original/original/S1020301022014010220140102_0_N.parquet.

16:16:21.844745 PsiFactorPipeline.cpp:142 INF[7336  ] compute factorType:5447 done, cost:1193mspp:170 INF[7336  ] PsiRunner::run start file:/root/work/Code1/dataset/original/original/S1020301022014010220140102_0_N.parquet.
16:15:59.244206 PsiStockThread.cpp:28 INF[7340  ] PsiStockThread::run pthread_setaffinity_np success, cpuCore:18
16:15:59.674196 PsiReadWrite.cpp:149 INF[7336  ] readParquet ReadTable cost time :403,filename:/root/work/Code1/dataset/original/original/S1020301022014010220140102_0_N.parquet.

16:16:29.693354 PsiReadWrite.cpp:377 INF[7336  ] readParquet generate_table and write cost time :78491992 PsiFactorPipeline.cpp:116 INF[7336  ] compute factor factorType:5447, nType:1, mType:0.
16:16:21.844745 PsiFactorPipeline.cpp:142 INF[7336  ] compute factorType:5447 done, cost:1193ms
p:170 INF[7336  ] PsiRunner::run start file:/root/work/Code1/dataset/original/original/S1020301022014010220140102_0_N.parquet.
16:15:59.244206 PsiStockThread.cpp:28 INF[7340  ] PsiStockThread::run pthread_setaffinity_np success, cpuCore:18
16:15:59.674196 PsiReadWrite.cpp:149 INF[7336  ] readParquet ReadTable cost time :403,filename:/root/work/Code1/dataset/original/original/S1020301022014010220140102_0_N.parquet.

16:16:29.742521 PsiReadWrite.cpp:392 INF[7336  ] readParquet clearData cost time :49Type:0.
16:16:21.844745 PsiFactorPipeline.cpp:142 INF[7336  ] compute factorType:5447 done, cost:1193ms
p:170 INF[7336  ] PsiRunner::run start file:/root/work/Code1/dataset/original/original/S1020301022014010220140102_0_N.parquet.
16:15:59.244206 PsiStockThread.cpp:28 INF[7340  ] PsiStockThread::run pthread_setaffinity_np success, cpuCore:18
16:15:59.674196 PsiReadWrite.cpp:149 INF[7336  ] readParquet ReadTable cost time :403,filename:/root/work/Code1/dataset/original/original/S1020301022014010220140102_0_N.parquet.

Loaded 11272748 rows in 3 columns.
16:16:32.928661 PsiFactorPipeline.cpp:116 INF[7336  ] compute factor factorType:5448, nType:3, mType:0.6:16:29.742521 PsiReadWrite.cpp:392 INF[7336  ] readParquet clearData cost time :49
ype:0.
16:16:21.844745 PsiFactorPipeline.cpp:142 INF[7336  ] compute factorType:5447 done, cost:1193ms
p:170 INF[7336  ] PsiRunner::run start file:/root/work/Code1/dataset/original/original/S1020301022014010220140102_0_N.parquet.
16:15:59.244206 PsiStockThread.cpp:28 INF[7340  ] PsiStockThread::run pthread_setaffinity_np success, cpuCore:18
16:15:59.674196 PsiReadWrite.cpp:149 INF[7336  ] readParquet ReadTable cost time :403,filename:/root/work/Code1/dataset/original/original/S1020301022014010220140102_0_N.parquet.

16:16:33.904007 PsiFactorPipeline.cpp:142 INF[7336  ] compute factorType:5448 done, cost:976ms6:21.844745 PsiFactorPipeline.cpp:142 INF[7336  ] compute factorType:5447 done, cost:1193ms
p:170 INF[7336  ] PsiRunner::run start file:/root/work/Code1/dataset/original/original/S1020301022014010220140102_0_N.parquet.
16:15:59.244206 PsiStockThread.cpp:28 INF[7340  ] PsiStockThread::run pthread_setaffinity_np success, cpuCore:18
16:15:59.674196 PsiReadWrite.cpp:149 INF[7336  ] readParquet ReadTable cost time :403,filename:/root/work/Code1/dataset/original/original/S1020301022014010220140102_0_N.parquet.

16:16:41.893183 PsiReadWrite.cpp:377 INF[7336  ] readParquet generate_table and write cost time :79890.
16:16:33.904007 PsiFactorPipeline.cpp:142 INF[7336  ] compute factorType:5448 done, cost:976ms
:21.844745 PsiFactorPipeline.cpp:142 INF[7336  ] compute factorType:5447 done, cost:1193ms
p:170 INF[7336  ] PsiRunner::run start file:/root/work/Code1/dataset/original/original/S1020301022014010220140102_0_N.parquet.
16:15:59.244206 PsiStockThread.cpp:28 INF[7340  ] PsiStockThread::run pthread_setaffinity_np success, cpuCore:18
16:15:59.674196 PsiReadWrite.cpp:149 INF[7336  ] readParquet ReadTable cost time :403,filename:/root/work/Code1/dataset/original/original/S1020301022014010220140102_0_N.parquet.

16:16:41.942297 PsiReadWrite.cpp:392 INF[7336  ] readParquet clearData cost time :49, cost:976ms
:21.844745 PsiFactorPipeline.cpp:142 INF[7336  ] compute factorType:5447 done, cost:1193ms
p:170 INF[7336  ] PsiRunner::run start file:/root/work/Code1/dataset/original/original/S1020301022014010220140102_0_N.parquet.
16:15:59.244206 PsiStockThread.cpp:28 INF[7340  ] PsiStockThread::run pthread_setaffinity_np success, cpuCore:18
16:15:59.674196 PsiReadWrite.cpp:149 INF[7336  ] readParquet ReadTable cost time :403,filename:/root/work/Code1/dataset/original/original/S1020301022014010220140102_0_N.parquet.

Loaded 11272748 rows in 3 columns.
16:16:45.153771 PsiFactorPipeline.cpp:116 INF[7336  ] compute factor factorType:5449, nType:5, mType:0.6:16:41.942297 PsiReadWrite.cpp:392 INF[7336  ] readParquet clearData cost time :49
 cost:976ms
:21.844745 PsiFactorPipeline.cpp:142 INF[7336  ] compute factorType:5447 done, cost:1193ms
p:170 INF[7336  ] PsiRunner::run start file:/root/work/Code1/dataset/original/original/S1020301022014010220140102_0_N.parquet.
16:15:59.244206 PsiStockThread.cpp:28 INF[7340  ] PsiStockThread::run pthread_setaffinity_np success, cpuCore:18
16:15:59.674196 PsiReadWrite.cpp:149 INF[7336  ] readParquet ReadTable cost time :403,filename:/root/work/Code1/dataset/original/original/S1020301022014010220140102_0_N.parquet.

16:16:46.194567 PsiFactorPipeline.cpp:142 INF[7336  ] compute factorType:5449 done, cost:1041ms:21.844745 PsiFactorPipeline.cpp:142 INF[7336  ] compute factorType:5447 done, cost:1193ms
p:170 INF[7336  ] PsiRunner::run start file:/root/work/Code1/dataset/original/original/S1020301022014010220140102_0_N.parquet.
16:15:59.244206 PsiStockThread.cpp:28 INF[7340  ] PsiStockThread::run pthread_setaffinity_np success, cpuCore:18
16:15:59.674196 PsiReadWrite.cpp:149 INF[7336  ] readParquet ReadTable cost time :403,filename:/root/work/Code1/dataset/original/original/S1020301022014010220140102_0_N.parquet.

16:16:54.210137 PsiReadWrite.cpp:377 INF[7336  ] readParquet generate_table and write cost time :80160.
16:16:46.194567 PsiFactorPipeline.cpp:142 INF[7336  ] compute factorType:5449 done, cost:1041ms
21.844745 PsiFactorPipeline.cpp:142 INF[7336  ] compute factorType:5447 done, cost:1193ms
p:170 INF[7336  ] PsiRunner::run start file:/root/work/Code1/dataset/original/original/S1020301022014010220140102_0_N.parquet.
16:15:59.244206 PsiStockThread.cpp:28 INF[7340  ] PsiStockThread::run pthread_setaffinity_np success, cpuCore:18
16:15:59.674196 PsiReadWrite.cpp:149 INF[7336  ] readParquet ReadTable cost time :403,filename:/root/work/Code1/dataset/original/original/S1020301022014010220140102_0_N.parquet.

16:16:54.259644 PsiReadWrite.cpp:392 INF[7336  ] readParquet clearData cost time :49, cost:1041ms
21.844745 PsiFactorPipeline.cpp:142 INF[7336  ] compute factorType:5447 done, cost:1193ms
p:170 INF[7336  ] PsiRunner::run start file:/root/work/Code1/dataset/original/original/S1020301022014010220140102_0_N.parquet.
16:15:59.244206 PsiStockThread.cpp:28 INF[7340  ] PsiStockThread::run pthread_setaffinity_np success, cpuCore:18
16:15:59.674196 PsiReadWrite.cpp:149 INF[7336  ] readParquet ReadTable cost time :403,filename:/root/work/Code1/dataset/original/original/S1020301022014010220140102_0_N.parquet.

Loaded 11272748 rows in 3 columns.
16:16:57.464043 PsiFactorPipeline.cpp:116 INF[7336  ] compute factor factorType:5450, nType:10, mType:0.:16:54.259644 PsiReadWrite.cpp:392 INF[7336  ] readParquet clearData cost time :49
 cost:1041ms
21.844745 PsiFactorPipeline.cpp:142 INF[7336  ] compute factorType:5447 done, cost:1193ms
p:170 INF[7336  ] PsiRunner::run start file:/root/work/Code1/dataset/original/original/S1020301022014010220140102_0_N.parquet.
16:15:59.244206 PsiStockThread.cpp:28 INF[7340  ] PsiStockThread::run pthread_setaffinity_np success, cpuCore:18
16:15:59.674196 PsiReadWrite.cpp:149 INF[7336  ] readParquet ReadTable cost time :403,filename:/root/work/Code1/dataset/original/original/S1020301022014010220140102_0_N.parquet.

16:16:58.586207 PsiFactorPipeline.cpp:142 INF[7336  ] compute factorType:5450 done, cost:1122ms21.844745 PsiFactorPipeline.cpp:142 INF[7336  ] compute factorType:5447 done, cost:1193ms
p:170 INF[7336  ] PsiRunner::run start file:/root/work/Code1/dataset/original/original/S1020301022014010220140102_0_N.parquet.
16:15:59.244206 PsiStockThread.cpp:28 INF[7340  ] PsiStockThread::run pthread_setaffinity_np success, cpuCore:18
16:15:59.674196 PsiReadWrite.cpp:149 INF[7336  ] readParquet ReadTable cost time :403,filename:/root/work/Code1/dataset/original/original/S1020301022014010220140102_0_N.parquet.

16:17:06.645699 PsiReadWrite.cpp:377 INF[7336  ] readParquet generate_table and write cost time :8059:0.
16:16:58.586207 PsiFactorPipeline.cpp:142 INF[7336  ] compute factorType:5450 done, cost:1122ms
1.844745 PsiFactorPipeline.cpp:142 INF[7336  ] compute factorType:5447 done, cost:1193ms
p:170 INF[7336  ] PsiRunner::run start file:/root/work/Code1/dataset/original/original/S1020301022014010220140102_0_N.parquet.
16:15:59.244206 PsiStockThread.cpp:28 INF[7340  ] PsiStockThread::run pthread_setaffinity_np success, cpuCore:18
16:15:59.674196 PsiReadWrite.cpp:149 INF[7336  ] readParquet ReadTable cost time :403,filename:/root/work/Code1/dataset/original/original/S1020301022014010220140102_0_N.parquet.

16:17:06.695073 PsiReadWrite.cpp:392 INF[7336  ] readParquet clearData cost time :50e, cost:1122ms
1.844745 PsiFactorPipeline.cpp:142 INF[7336  ] compute factorType:5447 done, cost:1193ms
p:170 INF[7336  ] PsiRunner::run start file:/root/work/Code1/dataset/original/original/S1020301022014010220140102_0_N.parquet.
16:15:59.244206 PsiStockThread.cpp:28 INF[7340  ] PsiStockThread::run pthread_setaffinity_np success, cpuCore:18
16:15:59.674196 PsiReadWrite.cpp:149 INF[7336  ] readParquet ReadTable cost time :403,filename:/root/work/Code1/dataset/original/original/S1020301022014010220140102_0_N.parquet.

Loaded 11272748 rows in 3 columns.
16:17:09.916347 PsiRunner.cpp:170 INF[7336  ] PsiRunner::run start file:/root/work/Code1/dataset/original/original/S1020301022014010320140103_0_N.parquet.dParquet clearData cost time :50
, cost:1122ms
1.844745 PsiFactorPipeline.cpp:142 INF[7336  ] compute factorType:5447 done, cost:1193ms
p:170 INF[7336  ] PsiRunner::run start file:/root/work/Code1/dataset/original/original/S1020301022014010220140102_0_N.parquet.
16:15:59.244206 PsiStockThread.cpp:28 INF[7340  ] PsiStockThread::run pthread_setaffinity_np success, cpuCore:18
16:15:59.674196 PsiReadWrite.cpp:149 INF[7336  ] readParquet ReadTable cost time :403,filename:/root/work/Code1/dataset/original/original/S1020301022014010220140102_0_N.parquet.

Loaded 6683386 rows in 47 columns.
16:17:11.779057 PsiReadWrite.cpp:149 INF[7336  ] readParquet ReadTable cost time :381,filename:/root/work/Code1/dataset/original/original/S1020301022014010320140103_0_N.parquet.e:/root/work/Code1/dataset/original/original/S1020301022014010220140102_0_N.parquet.
16:15:59.244206 PsiStockThread.cpp:28 INF[7340  ] PsiStockThread::run pthread_setaffinity_np success, cpuCore:18
16:15:59.674196 PsiReadWrite.cpp:149 INF[7336  ] readParquet ReadTable cost time :403,filename:/root/work/Code1/dataset/original/original/S1020301022014010220140102_0_N.parquet.

Unique stock codes: 2341
16:17:28.545668 PsiReadWrite.cpp:362 INF[7336  ] readParquet handlerData cost time :16766dataset/original/original/S1020301022014010320140103_0_N.parquet.
16:17:11.779057 PsiReadWrite.cpp:149 INF[7336  ] readParquet ReadTable cost time :381,filename:/root/work/Code1/dataset/original/original/S1020301022014010320140103_0_N.parquet.
:/root/work/Code1/dataset/original/original/S1020301022014010220140102_0_N.parquet.
16:15:59.244206 PsiStockThread.cpp:28 INF[7340  ] PsiStockThread::run pthread_setaffinity_np success, cpuCore:18
16:15:59.674196 PsiReadWrite.cpp:149 INF[7336  ] readParquet ReadTable cost time :403,filename:/root/work/Code1/dataset/original/original/S1020301022014010220140102_0_N.parquet.

16:17:28.546205 PsiFactorPipeline.cpp:116 INF[7336  ] compute factor factorType:5447, nType:1, mType:0.NF[7336  ] readParquet ReadTable cost time :381,filename:/root/work/Code1/dataset/original/original/S1020301022014010320140103_0_N.parquet.
:/root/work/Code1/dataset/original/original/S1020301022014010220140102_0_N.parquet.
16:15:59.244206 PsiStockThread.cpp:28 INF[7340  ] PsiStockThread::run pthread_setaffinity_np success, cpuCore:18
16:15:59.674196 PsiReadWrite.cpp:149 INF[7336  ] readParquet ReadTable cost time :403,filename:/root/work/Code1/dataset/original/original/S1020301022014010220140102_0_N.parquet.

16:17:29.642173 PsiFactorPipeline.cpp:142 INF[7336  ] compute factorType:5447 done, cost:1096msnal/S1020301022014010320140103_0_N.parquet.
:/root/work/Code1/dataset/original/original/S1020301022014010220140102_0_N.parquet.
16:15:59.244206 PsiStockThread.cpp:28 INF[7340  ] PsiStockThread::run pthread_setaffinity_np success, cpuCore:18
16:15:59.674196 PsiReadWrite.cpp:149 INF[7336  ] readParquet ReadTable cost time :403,filename:/root/work/Code1/dataset/original/original/S1020301022014010220140102_0_N.parquet.

16:17:37.711135 PsiReadWrite.cpp:377 INF[7336  ] readParquet generate_table and write cost time :80696205 PsiFactorPipeline.cpp:116 INF[7336  ] compute factor factorType:5447, nType:1, mType:0.
16:17:29.642173 PsiFactorPipeline.cpp:142 INF[7336  ] compute factorType:5447 done, cost:1096ms
al/S1020301022014010320140103_0_N.parquet.
:/root/work/Code1/dataset/original/original/S1020301022014010220140102_0_N.parquet.
16:15:59.244206 PsiStockThread.cpp:28 INF[7340  ] PsiStockThread::run pthread_setaffinity_np success, cpuCore:18
16:15:59.674196 PsiReadWrite.cpp:149 INF[7336  ] readParquet ReadTable cost time :403,filename:/root/work/Code1/dataset/original/original/S1020301022014010220140102_0_N.parquet.

16:17:37.775814 PsiReadWrite.cpp:392 INF[7336  ] readParquet clearData cost time :64Type:0.
16:17:29.642173 PsiFactorPipeline.cpp:142 INF[7336  ] compute factorType:5447 done, cost:1096ms
al/S1020301022014010320140103_0_N.parquet.
:/root/work/Code1/dataset/original/original/S1020301022014010220140102_0_N.parquet.
16:15:59.244206 PsiStockThread.cpp:28 INF[7340  ] PsiStockThread::run pthread_setaffinity_np success, cpuCore:18
16:15:59.674196 PsiReadWrite.cpp:149 INF[7336  ] readParquet ReadTable cost time :403,filename:/root/work/Code1/dataset/original/original/S1020301022014010220140102_0_N.parquet.

Loaded 11229539 rows in 3 columns.
16:17:40.996717 PsiFactorPipeline.cpp:116 INF[7336  ] compute factor factorType:5448, nType:3, mType:0.6:17:37.775814 PsiReadWrite.cpp:392 INF[7336  ] readParquet clearData cost time :64
ype:0.
16:17:29.642173 PsiFactorPipeline.cpp:142 INF[7336  ] compute factorType:5447 done, cost:1096ms
al/S1020301022014010320140103_0_N.parquet.
:/root/work/Code1/dataset/original/original/S1020301022014010220140102_0_N.parquet.
16:15:59.244206 PsiStockThread.cpp:28 INF[7340  ] PsiStockThread::run pthread_setaffinity_np success, cpuCore:18
16:15:59.674196 PsiReadWrite.cpp:149 INF[7336  ] readParquet ReadTable cost time :403,filename:/root/work/Code1/dataset/original/original/S1020301022014010220140102_0_N.parquet.

16:17:42.115870 PsiFactorPipeline.cpp:142 INF[7336  ] compute factorType:5448 done, cost:1119ms:29.642173 PsiFactorPipeline.cpp:142 INF[7336  ] compute factorType:5447 done, cost:1096ms
al/S1020301022014010320140103_0_N.parquet.
:/root/work/Code1/dataset/original/original/S1020301022014010220140102_0_N.parquet.
16:15:59.244206 PsiStockThread.cpp:28 INF[7340  ] PsiStockThread::run pthread_setaffinity_np success, cpuCore:18
16:15:59.674196 PsiReadWrite.cpp:149 INF[7336  ] readParquet ReadTable cost time :403,filename:/root/work/Code1/dataset/original/original/S1020301022014010220140102_0_N.parquet.

16:17:50.172487 PsiReadWrite.cpp:377 INF[7336  ] readParquet generate_table and write cost time :80570.
16:17:42.115870 PsiFactorPipeline.cpp:142 INF[7336  ] compute factorType:5448 done, cost:1119ms
29.642173 PsiFactorPipeline.cpp:142 INF[7336  ] compute factorType:5447 done, cost:1096ms
al/S1020301022014010320140103_0_N.parquet.
:/root/work/Code1/dataset/original/original/S1020301022014010220140102_0_N.parquet.
16:15:59.244206 PsiStockThread.cpp:28 INF[7340  ] PsiStockThread::run pthread_setaffinity_np success, cpuCore:18
16:15:59.674196 PsiReadWrite.cpp:149 INF[7336  ] readParquet ReadTable cost time :403,filename:/root/work/Code1/dataset/original/original/S1020301022014010220140102_0_N.parquet.

16:17:50.246527 PsiReadWrite.cpp:392 INF[7336  ] readParquet clearData cost time :74, cost:1119ms
29.642173 PsiFactorPipeline.cpp:142 INF[7336  ] compute factorType:5447 done, cost:1096ms
al/S1020301022014010320140103_0_N.parquet.
:/root/work/Code1/dataset/original/original/S1020301022014010220140102_0_N.parquet.
16:15:59.244206 PsiStockThread.cpp:28 INF[7340  ] PsiStockThread::run pthread_setaffinity_np success, cpuCore:18
16:15:59.674196 PsiReadWrite.cpp:149 INF[7336  ] readParquet ReadTable cost time :403,filename:/root/work/Code1/dataset/original/original/S1020301022014010220140102_0_N.parquet.

Loaded 11229539 rows in 3 columns.
16:17:53.507110 PsiFactorPipeline.cpp:116 INF[7336  ] compute factor factorType:5449, nType:5, mType:0.6:17:50.246527 PsiReadWrite.cpp:392 INF[7336  ] readParquet clearData cost time :74
 cost:1119ms
29.642173 PsiFactorPipeline.cpp:142 INF[7336  ] compute factorType:5447 done, cost:1096ms
al/S1020301022014010320140103_0_N.parquet.
:/root/work/Code1/dataset/original/original/S1020301022014010220140102_0_N.parquet.
16:15:59.244206 PsiStockThread.cpp:28 INF[7340  ] PsiStockThread::run pthread_setaffinity_np success, cpuCore:18
16:15:59.674196 PsiReadWrite.cpp:149 INF[7336  ] readParquet ReadTable cost time :403,filename:/root/work/Code1/dataset/original/original/S1020301022014010220140102_0_N.parquet.

16:17:54.691373 PsiFactorPipeline.cpp:142 INF[7336  ] compute factorType:5449 done, cost:1184ms
29.642173 PsiFactorPipeline.cpp:142 INF[7336  ] compute factorType:5447 done, cost:1096ms
al/S1020301022014010320140103_0_N.parquet.
:/root/work/Code1/dataset/original/original/S1020301022014010220140102_0_N.parquet.
16:15:59.244206 PsiStockThread.cpp:28 INF[7340  ] PsiStockThread::run pthread_setaffinity_np success, cpuCore:18
16:15:59.674196 PsiReadWrite.cpp:149 INF[7336  ] readParquet ReadTable cost time :403,filename:/root/work/Code1/dataset/original/original/S1020301022014010220140102_0_N.parquet.

16:18:02.816095 PsiReadWrite.cpp:377 INF[7336  ] readParquet generate_table and write cost time :81250.
16:17:54.691373 PsiFactorPipeline.cpp:142 INF[7336  ] compute factorType:5449 done, cost:1184ms
29.642173 PsiFactorPipeline.cpp:142 INF[7336  ] compute factorType:5447 done, cost:1096ms
al/S1020301022014010320140103_0_N.parquet.
:/root/work/Code1/dataset/original/original/S1020301022014010220140102_0_N.parquet.
16:15:59.244206 PsiStockThread.cpp:28 INF[7340  ] PsiStockThread::run pthread_setaffinity_np success, cpuCore:18
16:15:59.674196 PsiReadWrite.cpp:149 INF[7336  ] readParquet ReadTable cost time :403,filename:/root/work/Code1/dataset/original/original/S1020301022014010220140102_0_N.parquet.

16:18:02.891079 PsiReadWrite.cpp:392 INF[7336  ] readParquet clearData cost time :75, cost:1184ms
29.642173 PsiFactorPipeline.cpp:142 INF[7336  ] compute factorType:5447 done, cost:1096ms
al/S1020301022014010320140103_0_N.parquet.
:/root/work/Code1/dataset/original/original/S1020301022014010220140102_0_N.parquet.
16:15:59.244206 PsiStockThread.cpp:28 INF[7340  ] PsiStockThread::run pthread_setaffinity_np success, cpuCore:18
16:15:59.674196 PsiReadWrite.cpp:149 INF[7336  ] readParquet ReadTable cost time :403,filename:/root/work/Code1/dataset/original/original/S1020301022014010220140102_0_N.parquet.

Loaded 11229539 rows in 3 columns.
16:18:06.104252 PsiFactorPipeline.cpp:116 INF[7336  ] compute factor factorType:5450, nType:10, mType:0.:18:02.891079 PsiReadWrite.cpp:392 INF[7336  ] readParquet clearData cost time :75
 cost:1184ms
29.642173 PsiFactorPipeline.cpp:142 INF[7336  ] compute factorType:5447 done, cost:1096ms
al/S1020301022014010320140103_0_N.parquet.
:/root/work/Code1/dataset/original/original/S1020301022014010220140102_0_N.parquet.
16:15:59.244206 PsiStockThread.cpp:28 INF[7340  ] PsiStockThread::run pthread_setaffinity_np success, cpuCore:18
16:15:59.674196 PsiReadWrite.cpp:149 INF[7336  ] readParquet ReadTable cost time :403,filename:/root/work/Code1/dataset/original/original/S1020301022014010220140102_0_N.parquet.

16:18:07.366932 PsiFactorPipeline.cpp:142 INF[7336  ] compute factorType:5450 done, cost:1262ms29.642173 PsiFactorPipeline.cpp:142 INF[7336  ] compute factorType:5447 done, cost:1096ms
al/S1020301022014010320140103_0_N.parquet.
:/root/work/Code1/dataset/original/original/S1020301022014010220140102_0_N.parquet.
16:15:59.244206 PsiStockThread.cpp:28 INF[7340  ] PsiStockThread::run pthread_setaffinity_np success, cpuCore:18
16:15:59.674196 PsiReadWrite.cpp:149 INF[7336  ] readParquet ReadTable cost time :403,filename:/root/work/Code1/dataset/original/original/S1020301022014010220140102_0_N.parquet.

16:18:15.542590 PsiReadWrite.cpp:377 INF[7336  ] readParquet generate_table and write cost time :8176:0.
16:18:07.366932 PsiFactorPipeline.cpp:142 INF[7336  ] compute factorType:5450 done, cost:1262ms
9.642173 PsiFactorPipeline.cpp:142 INF[7336  ] compute factorType:5447 done, cost:1096ms
al/S1020301022014010320140103_0_N.parquet.
:/root/work/Code1/dataset/original/original/S1020301022014010220140102_0_N.parquet.
16:15:59.244206 PsiStockThread.cpp:28 INF[7340  ] PsiStockThread::run pthread_setaffinity_np success, cpuCore:18
16:15:59.674196 PsiReadWrite.cpp:149 INF[7336  ] readParquet ReadTable cost time :403,filename:/root/work/Code1/dataset/original/original/S1020301022014010220140102_0_N.parquet.

16:18:15.630263 PsiReadWrite.cpp:392 INF[7336  ] readParquet clearData cost time :88e, cost:1262ms
9.642173 PsiFactorPipeline.cpp:142 INF[7336  ] compute factorType:5447 done, cost:1096ms
al/S1020301022014010320140103_0_N.parquet.
:/root/work/Code1/dataset/original/original/S1020301022014010220140102_0_N.parquet.
16:15:59.244206 PsiStockThread.cpp:28 INF[7340  ] PsiStockThread::run pthread_setaffinity_np success, cpuCore:18
16:15:59.674196 PsiReadWrite.cpp:149 INF[7336  ] readParquet ReadTable cost time :403,filename:/root/work/Code1/dataset/original/original/S1020301022014010220140102_0_N.parquet.

Loaded 11229539 rows in 3 columns.
16:18:18.883124 PsiRunner.cpp:178 INF[7336  ] PsiRunner::run all files done.and write cost time :8176
16:18:15.630263 PsiReadWrite.cpp:392 INF[7336  ] readParquet clearData cost time :88
, cost:1262ms
9.642173 PsiFactorPipeline.cpp:142 INF[7336  ] compute factorType:5447 done, cost:1096ms
al/S1020301022014010320140103_0_N.parquet.
:/root/work/Code1/dataset/original/original/S1020301022014010220140102_0_N.parquet.
16:15:59.244206 PsiStockThread.cpp:28 INF[7340  ] PsiStockThread::run pthread_setaffinity_np success, cpuCore:18
16:15:59.674196 PsiReadWrite.cpp:149 INF[7336  ] readParquet ReadTable cost time :403,filename:/root/work/Code1/dataset/original/original/S1020301022014010220140102_0_N.parquet.

