[FmtLog] Start Log Thread Affinity Success! Cpu Core:14
16:18:20.224936 PsiRunner.cpp:37 INF[7482  ] PsiRunner::config read config.yaml
16:18:20.227268 PsiRunner.cpp:88 INF[7482  ] PsiRunner::config Read basefiles
16:18:20.227372 PsiFactorPipeline.cpp:35 INF[7482  ] PsiFactorPipeline::init 4 factor tasks, 1 workers.
16:18:20.227373 PsiRunner.cpp:170 INF[7482  ] PsiRunner::run start file:/root/work/Code1/dataset/original/original/S1020301022014010220140102_0_N.parquet.
16:18:20.227703 PsiStockThread.cpp:28 INF[7485  ] PsiStockThread::run pthread_setaffinity_np success, cpuCore:18
Loaded 16:18:20.684256 PsiReadWrite.cpp:149 INF[7482  ] readParquet ReadTable cost time :414,filename:/root/work/Code1/dataset/original/original/S1020301022014010220140102_0_N.parquet.
6512302 rows in 47 columns.
Unique stock codes: 2348
16:18:40.391335 PsiReadWrite.cpp:362 INF[7482  ] readParquet handlerData cost time :19707227268 PsiRunner.cpp:88 INF[7482  ] PsiRunner::config Read basefiles
16:18:20.227372 PsiFactorPipeline.cpp:35 INF[7482  ] PsiFactorPipeline::init 4 factor tasks, 1 workers.
16:18:20.227373 PsiRunner.cpp:170 INF[7482  ] PsiRunner::run start file:/root/work/Code1/dataset/original/original/S1020301022014010220140102_0_N.parquet.
16:18:20.227703 PsiStockThread.cpp:28 INF[7485  ] PsiStockThread::run pthread_setaffinity_np success, cpuCore:18
16:18:20.684256 PsiReadWrite.cpp:149 INF[7482  ] readParquet ReadTable cost time :414,filename:/root/work/Code1/dataset/original/original/S1020301022014010220140102_0_N.parquet.

16:18:40.391955 PsiFactorPipeline.cpp:116 INF[7482  ] compute factor factorType:5447, nType:1, mType:0.pp:35 INF[7482  ] PsiFactorPipeline::init 4 factor tasks, 1 workers.
16:18:20.227373 PsiRunner.cpp:170 INF[7482  ] PsiRunner::run start file:/root/work/Code1/dataset/original/original/S1020301022014010220140102_0_N.parquet.
16:18:20.227703 PsiStockThread.cpp:28 INF[7485  ] PsiStockThread::run pthread_setaffinity_np success, cpuCore:18
16:18:20.684256 PsiReadWrite.cpp:149 INF[7482  ] readParquet ReadTable cost time :414,filename:/root/work/Code1/dataset/original/original/S1020301022014010220140102_0_N.parquet.

16:18:41.474965 PsiFactorPipeline.cpp:142 INF[7482  ] compute factorType:5447 done, cost:1083mspp:170 INF[7482  ] PsiRunner::run start file:/root/work/Code1/dataset/original/original/S1020301022014010220140102_0_N.parquet.
16:18:20.227703 PsiStockThread.cpp:28 INF[7485  ] PsiStockThread::run pthread_setaffinity_np success, cpuCore:18
16:18:20.684256 PsiReadWrite.cpp:149 INF[7482  ] readParquet ReadTable cost time :414,filename:/root/work/Code1/dataset/original/original/S1020301022014010220140102_0_N.parquet.

16:18:49.234945 PsiReadWrite.cpp:377 INF[7482  ] readParquet generate_table and write cost time :77601955 PsiFactorPipeline.cpp:116 INF[7482  ] compute factor factorType:5447, nType:1, mType:0.
16:18:41.474965 PsiFactorPipeline.cpp:142 INF[7482  ] compute factorType:5447 done, cost:1083ms
p:170 INF[7482  ] PsiRunner::run start file:/root/work/Code1/dataset/original/original/S1020301022014010220140102_0_N.parquet.
16:18:20.227703 PsiStockThread.cpp:28 INF[7485  ] PsiStockThread::run pthread_setaffinity_np success, cpuCore:18
16:18:20.684256 PsiReadWrite.cpp:149 INF[7482  ] readParquet ReadTable cost time :414,filename:/root/work/Code1/dataset/original/original/S1020301022014010220140102_0_N.parquet.

16:18:49.284731 PsiReadWrite.cpp:392 INF[7482  ] readParquet clearData cost time :50Type:0.
16:18:41.474965 PsiFactorPipeline.cpp:142 INF[7482  ] compute factorType:5447 done, cost:1083ms
p:170 INF[7482  ] PsiRunner::run start file:/root/work/Code1/dataset/original/original/S1020301022014010220140102_0_N.parquet.
16:18:20.227703 PsiStockThread.cpp:28 INF[7485  ] PsiStockThread::run pthread_setaffinity_np success, cpuCore:18
16:18:20.684256 PsiReadWrite.cpp:149 INF[7482  ] readParquet ReadTable cost time :414,filename:/root/work/Code1/dataset/original/original/S1020301022014010220140102_0_N.parquet.

Loaded 11272748 rows in 3 columns.
16:18:52.536044 PsiFactorPipeline.cpp:116 INF[7482  ] compute factor factorType:5448, nType:3, mType:0.6:18:49.284731 PsiReadWrite.cpp:392 INF[7482  ] readParquet clearData cost time :50
ype:0.
16:18:41.474965 PsiFactorPipeline.cpp:142 INF[7482  ] compute factorType:5447 done, cost:1083ms
p:170 INF[7482  ] PsiRunner::run start file:/root/work/Code1/dataset/original/original/S1020301022014010220140102_0_N.parquet.
16:18:20.227703 PsiStockThread.cpp:28 INF[7485  ] PsiStockThread::run pthread_setaffinity_np success, cpuCore:18
16:18:20.684256 PsiReadWrite.cpp:149 INF[7482  ] readParquet ReadTable cost time :414,filename:/root/work/Code1/dataset/original/original/S1020301022014010220140102_0_N.parquet.

16:18:53.512129 PsiFactorPipeline.cpp:142 INF[7482  ] compute factorType:5448 done, cost:976ms8:41.474965 PsiFactorPipeline.cpp:142 INF[7482  ] compute factorType:5447 done, cost:1083ms
p:170 INF[7482  ] PsiRunner::run start file:/root/work/Code1/dataset/original/original/S1020301022014010220140102_0_N.parquet.
16:18:20.227703 PsiStockThread.cpp:28 INF[7485  ] PsiStockThread::run pthread_setaffinity_np success, cpuCore:18
16:18:20.684256 PsiReadWrite.cpp:149 INF[7482  ] readParquet ReadTable cost time :414,filename:/root/work/Code1/dataset/original/original/S1020301022014010220140102_0_N.parquet.

16:19:01.463599 PsiReadWrite.cpp:377 INF[7482  ] readParquet generate_table and write cost time :79510.
16:18:53.512129 PsiFactorPipeline.cpp:142 INF[7482  ] compute factorType:5448 done, cost:976ms
:41.474965 PsiFactorPipeline.cpp:142 INF[7482  ] compute factorType:5447 done, cost:1083ms
p:170 INF[7482  ] PsiRunner::run start file:/root/work/Code1/dataset/original/original/S1020301022014010220140102_0_N.parquet.
16:18:20.227703 PsiStockThread.cpp:28 INF[7485  ] PsiStockThread::run pthread_setaffinity_np success, cpuCore:18
16:18:20.684256 PsiReadWrite.cpp:149 INF[7482  ] readParquet ReadTable cost time :414,filename:/root/work/Code1/dataset/original/original/S1020301022014010220140102_0_N.parquet.

16:19:01.513887 PsiReadWrite.cpp:392 INF[7482  ] readParquet clearData cost time :50, cost:976ms
:41.474965 PsiFactorPipeline.cpp:142 INF[7482  ] compute factorType:5447 done, cost:1083ms
p:170 INF[7482  ] PsiRunner::run start file:/root/work/Code1/dataset/original/original/S1020301022014010220140102_0_N.parquet.
16:18:20.227703 PsiStockThread.cpp:28 INF[7485  ] PsiStockThread::run pthread_setaffinity_np success, cpuCore:18
16:18:20.684256 PsiReadWrite.cpp:149 INF[7482  ] readParquet ReadTable cost time :414,filename:/root/work/Code1/dataset/original/original/S1020301022014010220140102_0_N.parquet.

Loaded 11272748 rows in 3 columns.
16:19:04.708257 PsiFactorPipeline.cpp:116 INF[7482  ] compute factor factorType:5449, nType:5, mType:0.6:19:01.513887 PsiReadWrite.cpp:392 INF[7482  ] readParquet clearData cost time :50
 cost:976ms
:41.474965 PsiFactorPipeline.cpp:142 INF[7482  ] compute factorType:5447 done, cost:1083ms
p:170 INF[7482  ] PsiRunner::run start file:/root/work/Code1/dataset/original/original/S1020301022014010220140102_0_N.parquet.
16:18:20.227703 PsiStockThread.cpp:28 INF[7485  ] PsiStockThread::run pthread_setaffinity_np success, cpuCore:18
16:18:20.684256 PsiReadWrite.cpp:149 INF[7482  ] readParquet ReadTable cost time :414,filename:/root/work/Code1/dataset/original/original/S1020301022014010220140102_0_N.parquet.

16:19:05.749562 PsiFactorPipeline.cpp:142 INF[7482  ] compute factorType:5449 done, cost:1041ms:41.474965 PsiFactorPipeline.cpp:142 INF[7482  ] compute factorType:5447 done, cost:1083ms
p:170 INF[7482  ] PsiRunner::run start file:/root/work/Code1/dataset/original/original/S1020301022014010220140102_0_N.parquet.
16:18:20.227703 PsiStockThread.cpp:28 INF[7485  ] PsiStockThread::run pthread_setaffinity_np success, cpuCore:18
16:18:20.684256 PsiReadWrite.cpp:149 INF[7482  ] readParquet ReadTable cost time :414,filename:/root/work/Code1/dataset/original/original/S1020301022014010220140102_0_N.parquet.

16:19:13.761420 PsiReadWrite.cpp:377 INF[7482  ] readParquet generate_table and write cost time :80120.
16:19:05.749562 PsiFactorPipeline.cpp:142 INF[7482  ] compute factorType:5449 done, cost:1041ms
41.474965 PsiFactorPipeline.cpp:142 INF[7482  ] compute factorType:5447 done, cost:1083ms
p:170 INF[7482  ] PsiRunner::run start file:/root/work/Code1/dataset/original/original/S1020301022014010220140102_0_N.parquet.
16:18:20.227703 PsiStockThread.cpp:28 INF[7485  ] PsiStockThread::run pthread_setaffinity_np success, cpuCore:18
16:18:20.684256 PsiReadWrite.cpp:149 INF[7482  ] readParquet ReadTable cost time :414,filename:/root/work/Code1/dataset/original/original/S1020301022014010220140102_0_N.parquet.

16:19:13.811745 PsiReadWrite.cpp:392 INF[7482  ] readParquet clearData cost time :50, cost:1041ms
41.474965 PsiFactorPipeline.cpp:142 INF[7482  ] compute factorType:5447 done, cost:1083ms
p:170 INF[7482  ] PsiRunner::run start file:/root/work/Code1/dataset/original/original/S1020301022014010220140102_0_N.parquet.
16:18:20.227703 PsiStockThread.cpp:28 INF[7485  ] PsiStockThread::run pthread_setaffinity_np success, cpuCore:18
16:18:20.684256 PsiReadWrite.cpp:149 INF[7482  ] readParquet ReadTable cost time :414,filename:/root/work/Code1/dataset/original/original/S1020301022014010220140102_0_N.parquet.

Loaded 11272748 rows in 3 columns.
16:19:17.055460 PsiFactorPipeline.cpp:116 INF[7482  ] compute factor factorType:5450, nType:10, mType:0.:19:13.811745 PsiReadWrite.cpp:392 INF[7482  ] readParquet clearData cost time :50
 cost:1041ms
41.474965 PsiFactorPipeline.cpp:142 INF[7482  ] compute factorType:5447 done, cost:1083ms
p:170 INF[7482  ] PsiRunner::run start file:/root/work/Code1/dataset/original/original/S1020301022014010220140102_0_N.parquet.
16:18:20.227703 PsiStockThread.cpp:28 INF[7485  ] PsiStockThread::run pthread_setaffinity_np success, cpuCore:18
16:18:20.684256 PsiReadWrite.cpp:149 INF[7482  ] readParquet ReadTable cost time :414,filename:/root/work/Code1/dataset/original/original/S1020301022014010220140102_0_N.parquet.

16:19:18.219048 PsiFactorPipeline.cpp:142 INF[7482  ] compute factorType:5450 done, cost:1164ms41.474965 PsiFactorPipeline.cpp:142 INF[7482  ] compute factorType:5447 done, cost:1083ms
p:170 INF[7482  ] PsiRunner::run start file:/root/work/Code1/dataset/original/original/S1020301022014010220140102_0_N.parquet.
16:18:20.227703 PsiStockThread.cpp:28 INF[7485  ] PsiStockThread::run pthread_setaffinity_np success, cpuCore:18
16:18:20.684256 PsiReadWrite.cpp:149 INF[7482  ] readParquet ReadTable cost time :414,filename:/root/work/Code1/dataset/original/original/S1020301022014010220140102_0_N.parquet.

16:19:26.257811 PsiReadWrite.cpp:377 INF[7482  ] readParquet generate_table and write cost time :8038:0.
16:19:18.219048 PsiFactorPipeline.cpp:142 INF[7482  ] compute factorType:5450 done, cost:1164ms
1.474965 PsiFactorPipeline.cpp:142 INF[7482  ] compute factorType:5447 done, cost:1083ms
p:170 INF[7482  ] PsiRunner::run start file:/root/work/Code1/dataset/original/original/S1020301022014010220140102_0_N.parquet.
16:18:20.227703 PsiStockThread.cpp:28 INF[7485  ] PsiStockThread::run pthread_setaffinity_np success, cpuCore:18
16:18:20.684256 PsiReadWrite.cpp:149 INF[7482  ] readParquet ReadTable cost time :414,filename:/root/work/Code1/dataset/original/original/S1020301022014010220140102_0_N.parquet.

16:19:26.307588 PsiReadWrite.cpp:392 INF[7482  ] readParquet clearData cost time :50e, cost:1164ms
1.474965 PsiFactorPipeline.cpp:142 INF[7482  ] compute factorType:5447 done, cost:1083ms
p:170 INF[7482  ] PsiRunner::run start file:/root/work/Code1/dataset/original/original/S1020301022014010220140102_0_N.parquet.
16:18:20.227703 PsiStockThread.cpp:28 INF[7485  ] PsiStockThread::run pthread_setaffinity_np success, cpuCore:18
16:18:20.684256 PsiReadWrite.cpp:149 INF[7482  ] readParquet ReadTable cost time :414,filename:/root/work/Code1/dataset/original/original/S1020301022014010220140102_0_N.parquet.

Loaded 11272748 rows in 3 columns.
16:19:29.595938 PsiRunner.cpp:170 INF[7482  ] PsiRunner::run start file:/root/work/Code1/dataset/original/original/S1020301022014010320140103_0_N.parquet.dParquet clearData cost time :50
, cost:1164ms
1.474965 PsiFactorPipeline.cpp:142 INF[7482  ] compute factorType:5447 done, cost:1083ms
p:170 INF[7482  ] PsiRunner::run start file:/root/work/Code1/dataset/original/original/S1020301022014010220140102_0_N.parquet.
16:18:20.227703 PsiStockThread.cpp:28 INF[7485  ] PsiStockThread::run pthread_setaffinity_np success, cpuCore:18
16:18:20.684256 PsiReadWrite.cpp:149 INF[7482  ] readParquet ReadTable cost time :414,filename:/root/work/Code1/dataset/original/original/S1020301022014010220140102_0_N.parquet.

Loaded 6683386 rows in 47 columns.
16:19:31.511900 PsiReadWrite.cpp:149 INF[7482  ] readParquet ReadTable cost time :414,filename:/root/work/Code1/dataset/original/original/S1020301022014010320140103_0_N.parquet.e:/root/work/Code1/dataset/original/original/S1020301022014010220140102_0_N.parquet.
16:18:20.227703 PsiStockThread.cpp:28 INF[7485  ] PsiStockThread::run pthread_setaffinity_np success, cpuCore:18
16:18:20.684256 PsiReadWrite.cpp:149 INF[7482  ] readParquet ReadTable cost time :414,filename:/root/work/Code1/dataset/original/original/S1020301022014010220140102_0_N.parquet.

Unique stock codes: 2341
16:19:48.074704 PsiReadWrite.cpp:362 INF[7482  ] readParquet handlerData cost time :16563dataset/original/original/S1020301022014010320140103_0_N.parquet.
16:19:31.511900 PsiReadWrite.cpp:149 INF[7482  ] readParquet ReadTable cost time :414,filename:/root/work/Code1/dataset/original/original/S1020301022014010320140103_0_N.parquet.
:/root/work/Code1/dataset/original/original/S1020301022014010220140102_0_N.parquet.
16:18:20.227703 PsiStockThread.cpp:28 INF[7485  ] PsiStockThread::run pthread_setaffinity_np success, cpuCore:18
16:18:20.684256 PsiReadWrite.cpp:149 INF[7482  ] readParquet ReadTable cost time :414,filename:/root/work/Code1/dataset/original/original/S1020301022014010220140102_0_N.parquet.

16:19:48.075228 PsiFactorPipeline.cpp:116 INF[7482  ] compute factor factorType:5447, nType:1, mType:0.NF[7482  ] readParquet ReadTable cost time :414,filename:/root/work/Code1/dataset/original/original/S1020301022014010320140103_0_N.parquet.
:/root/work/Code1/dataset/original/original/S1020301022014010220140102_0_N.parquet.
16:18:20.227703 PsiStockThread.cpp:28 INF[7485  ] PsiStockThread::run pthread_setaffinity_np success, cpuCore:18
16:18:20.684256 PsiReadWrite.cpp:149 INF[7482  ] readParquet ReadTable cost time :414,filename:/root/work/Code1/dataset/original/original/S1020301022014010220140102_0_N.parquet.

16:19:49.154421 PsiFactorPipeline.cpp:142 INF[7482  ] compute factorType:5447 done, cost:1079msnal/S1020301022014010320140103_0_N.parquet.
:/root/work/Code1/dataset/original/original/S1020301022014010220140102_0_N.parquet.
16:18:20.227703 PsiStockThread.cpp:28 INF[7485  ] PsiStockThread::run pthread_setaffinity_np success, cpuCore:18
16:18:20.684256 PsiReadWrite.cpp:149 INF[7482  ] readParquet ReadTable cost time :414,filename:/root/work/Code1/dataset/original/original/S1020301022014010220140102_0_N.parquet.

16:19:57.170407 PsiReadWrite.cpp:377 INF[7482  ] readParquet generate_table and write cost time :80165228 PsiFactorPipeline.cpp:116 INF[7482  ] compute factor factorType:5447, nType:1, mType:0.
16:19:49.154421 PsiFactorPipeline.cpp:142 INF[7482  ] compute factorType:5447 done, cost:1079ms
al/S1020301022014010320140103_0_N.parquet.
:/root/work/Code1/dataset/original/original/S1020301022014010220140102_0_N.parquet.
16:18:20.227703 PsiStockThread.cpp:28 INF[7485  ] PsiStockThread::run pthread_setaffinity_np success, cpuCore:18
16:18:20.684256 PsiReadWrite.cpp:149 INF[7482  ] readParquet ReadTable cost time :414,filename:/root/work/Code1/dataset/original/original/S1020301022014010220140102_0_N.parquet.

16:19:57.235312 PsiReadWrite.cpp:392 INF[7482  ] readParquet clearData cost time :65Type:0.
16:19:49.154421 PsiFactorPipeline.cpp:142 INF[7482  ] compute factorType:5447 done, cost:1079ms
al/S1020301022014010320140103_0_N.parquet.
:/root/work/Code1/dataset/original/original/S1020301022014010220140102_0_N.parquet.
16:18:20.227703 PsiStockThread.cpp:28 INF[7485  ] PsiStockThread::run pthread_setaffinity_np success, cpuCore:18
16:18:20.684256 PsiReadWrite.cpp:149 INF[7482  ] readParquet ReadTable cost time :414,filename:/root/work/Code1/dataset/original/original/S1020301022014010220140102_0_N.parquet.

Loaded 11229539 rows in 3 columns.
16:20:00.486745 PsiFactorPipeline.cpp:116 INF[7482  ] compute factor factorType:5448, nType:3, mType:0.6:19:57.235312 PsiReadWrite.cpp:392 INF[7482  ] readParquet clearData cost time :65
ype:0.
16:19:49.154421 PsiFactorPipeline.cpp:142 INF[7482  ] compute factorType:5447 done, cost:1079ms
al/S1020301022014010320140103_0_N.parquet.
:/root/work/Code1/dataset/original/original/S1020301022014010220140102_0_N.parquet.
16:18:20.227703 PsiStockThread.cpp:28 INF[7485  ] PsiStockThread::run pthread_setaffinity_np success, cpuCore:18
16:18:20.684256 PsiReadWrite.cpp:149 INF[7482  ] readParquet ReadTable cost time :414,filename:/root/work/Code1/dataset/original/original/S1020301022014010220140102_0_N.parquet.

16:20:01.610355 PsiFactorPipeline.cpp:142 INF[7482  ] compute factorType:5448 done, cost:1124ms:49.154421 PsiFactorPipeline.cpp:142 INF[7482  ] compute factorType:5447 done, cost:1079ms
al/S1020301022014010320140103_0_N.parquet.
:/root/work/Code1/dataset/original/original/S1020301022014010220140102_0_N.parquet.
16:18:20.227703 PsiStockThread.cpp:28 INF[7485  ] PsiStockThread::run pthread_setaffinity_np success, cpuCore:18
16:18:20.684256 PsiReadWrite.cpp:149 INF[7482  ] readParquet ReadTable cost time :414,filename:/root/work/Code1/dataset/original/original/S1020301022014010220140102_0_N.parquet.

16:20:09.654174 PsiReadWrite.cpp:377 INF[7482  ] readParquet generate_table and write cost time :80440.
16:20:01.610355 PsiFactorPipeline.cpp:142 INF[7482  ] compute factorType:5448 done, cost:1124ms
49.154421 PsiFactorPipeline.cpp:142 INF[7482  ] compute factorType:5447 done, cost:1079ms
al/S1020301022014010320140103_0_N.parquet.
:/root/work/Code1/dataset/original/original/S1020301022014010220140102_0_N.parquet.
16:18:20.227703 PsiStockThread.cpp:28 INF[7485  ] PsiStockThread::run pthread_setaffinity_np success, cpuCore:18
16:18:20.684256 PsiReadWrite.cpp:149 INF[7482  ] readParquet ReadTable cost time :414,filename:/root/work/Code1/dataset/original/original/S1020301022014010220140102_0_N.parquet.

16:20:09.733768 PsiReadWrite.cpp:392 INF[7482  ] readParquet clearData cost time :79, cost:1124ms
49.154421 PsiFactorPipeline.cpp:142 INF[7482  ] compute factorType:5447 done, cost:1079ms
al/S1020301022014010320140103_0_N.parquet.
:/root/work/Code1/dataset/original/original/S1020301022014010220140102_0_N.parquet.
16:18:20.227703 PsiStockThread.cpp:28 INF[7485  ] PsiStockThread::run pthread_setaffinity_np success, cpuCore:18
16:18:20.684256 PsiReadWrite.cpp:149 INF[7482  ] readParquet ReadTable cost time :414,filename:/root/work/Code1/dataset/original/original/S1020301022014010220140102_0_N.parquet.

Loaded 11229539 rows in 3 columns.
16:20:12.965087 PsiFactorPipeline.cpp:116 INF[7482  ] compute factor factorType:5449, nType:5, mType:0.6:20:09.733768 PsiReadWrite.cpp:392 INF[7482  ] readParquet clearData cost time :79
 cost:1124ms
49.154421 PsiFactorPipeline.cpp:142 INF[7482  ] compute factorType:5447 done, cost:1079ms
al/S1020301022014010320140103_0_N.parquet.
:/root/work/Code1/dataset/original/original/S1020301022014010220140102_0_N.parquet.
16:18:20.227703 PsiStockThread.cpp:28 INF[7485  ] PsiStockThread::run pthread_setaffinity_np success, cpuCore:18
16:18:20.684256 PsiReadWrite.cpp:149 INF[7482  ] readParquet ReadTable cost time :414,filename:/root/work/Code1/dataset/original/original/S1020301022014010220140102_0_N.parquet.

16:20:14.223927 PsiFactorPipeline.cpp:142 INF[7482  ] compute factorType:5449 done, cost:1258ms
49.154421 PsiFactorPipeline.cpp:142 INF[7482  ] compute factorType:5447 done, cost:1079ms
al/S1020301022014010320140103_0_N.parquet.
:/root/work/Code1/dataset/original/original/S1020301022014010220140102_0_N.parquet.
16:18:20.227703 PsiStockThread.cpp:28 INF[7485  ] PsiStockThread::run pthread_setaffinity_np success, cpuCore:18
16:18:20.684256 PsiReadWrite.cpp:149 INF[7482  ] readParquet ReadTable cost time :414,filename:/root/work/Code1/dataset/original/original/S1020301022014010220140102_0_N.parquet.

16:20:22.292206 PsiReadWrite.cpp:377 INF[7482  ] readParquet generate_table and write cost time :80690.
16:20:14.223927 PsiFactorPipeline.cpp:142 INF[7482  ] compute factorType:5449 done, cost:1258ms
49.154421 PsiFactorPipeline.cpp:142 INF[7482  ] compute factorType:5447 done, cost:1079ms
al/S1020301022014010320140103_0_N.parquet.
:/root/work/Code1/dataset/original/original/S1020301022014010220140102_0_N.parquet.
16:18:20.227703 PsiStockThread.cpp:28 INF[7485  ] PsiStockThread::run pthread_setaffinity_np success, cpuCore:18
16:18:20.684256 PsiReadWrite.cpp:149 INF[7482  ] readParquet ReadTable cost time :414,filename:/root/work/Code1/dataset/original/original/S1020301022014010220140102_0_N.parquet.

16:20:22.370412 PsiReadWrite.cpp:392 INF[7482  ] readParquet clearData cost time :78, cost:1258ms
49.154421 PsiFactorPipeline.cpp:142 INF[7482  ] compute factorType:5447 done, cost:1079ms
al/S1020301022014010320140103_0_N.parquet.
:/root/work/Code1/dataset/original/original/S1020301022014010220140102_0_N.parquet.
16:18:20.227703 PsiStockThread.cpp:28 INF[7485  ] PsiStockThread::run pthread_setaffinity_np success, cpuCore:18
16:18:20.684256 PsiReadWrite.cpp:149 INF[7482  ] readParquet ReadTable cost time :414,filename:/root/work/Code1/dataset/original/original/S1020301022014010220140102_0_N.parquet.

Loaded 11229539 rows in 3 columns.
16:20:25.607841 PsiFactorPipeline.cpp:116 INF[7482  ] compute factor factorType:5450, nType:10, mType:0.:20:22.370412 PsiReadWrite.cpp:392 INF[7482  ] readParquet clearData cost time :78
 cost:1258ms
49.154421 PsiFactorPipeline.cpp:142 INF[7482  ] compute factorType:5447 done, cost:1079ms
al/S1020301022014010320140103_0_N.parquet.
:/root/work/Code1/dataset/original/original/S1020301022014010220140102_0_N.parquet.
16:18:20.227703 PsiStockThread.cpp:28 INF[7485  ] PsiStockThread::run pthread_setaffinity_np success, cpuCore:18
16:18:20.684256 PsiReadWrite.cpp:149 INF[7482  ] readParquet ReadTable cost time :414,filename:/root/work/Code1/dataset/original/original/S1020301022014010220140102_0_N.parquet.

16:20:26.883098 PsiFactorPipeline.cpp:142 INF[7482  ] compute factorType:5450 done, cost:1276ms49.154421 PsiFactorPipeline.cpp:142 INF[7482  ] compute factorType:5447 done, cost:1079ms
al/S1020301022014010320140103_0_N.parquet.
:/root/work/Code1/dataset/original/original/S1020301022014010220140102_0_N.parquet.
16:18:20.227703 PsiStockThread.cpp:28 INF[7485  ] PsiStockThread::run pthread_setaffinity_np success, cpuCore:18
16:18:20.684256 PsiReadWrite.cpp:149 INF[7482  ] readParquet ReadTable cost time :414,filename:/root/work/Code1/dataset/original/original/S1020301022014010220140102_0_N.parquet.

16:20:34.989981 PsiReadWrite.cpp:377 INF[7482  ] readParquet generate_table and write cost time :8106:0.
16:20:26.883098 PsiFactorPipeline.cpp:142 INF[7482  ] compute factorType:5450 done, cost:1276ms
9.154421 PsiFactorPipeline.cpp:142 INF[7482  ] compute factorType:5447 done, cost:1079ms
al/S1020301022014010320140103_0_N.parquet.
:/root/work/Code1/dataset/original/original/S1020301022014010220140102_0_N.parquet.
16:18:20.227703 PsiStockThread.cpp:28 INF[7485  ] PsiStockThread::run pthread_setaffinity_np success, cpuCore:18
16:18:20.684256 PsiReadWrite.cpp:149 INF[7482  ] readParquet ReadTable cost time :414,filename:/root/work/Code1/dataset/original/original/S1020301022014010220140102_0_N.parquet.

16:20:35.065410 PsiReadWrite.cpp:392 INF[7482  ] readParquet clearData cost time :76e, cost:1276ms
9.154421 PsiFactorPipeline.cpp:142 INF[7482  ] compute factorType:5447 done, cost:1079ms
al/S1020301022014010320140103_0_N.parquet.
:/root/work/Code1/dataset/original/original/S1020301022014010220140102_0_N.parquet.
16:18:20.227703 PsiStockThread.cpp:28 INF[7485  ] PsiStockThread::run pthread_setaffinity_np success, cpuCore:18
16:18:20.684256 PsiReadWrite.cpp:149 INF[7482  ] readParquet ReadTable cost time :414,filename:/root/work/Code1/dataset/original/original/S1020301022014010220140102_0_N.parquet.

Loaded 11229539 rows in 3 columns.
16:20:38.352924 PsiRunner.cpp:178 INF[7482  ] PsiRunner::run all files done.and write cost time :8106
16:20:35.065410 PsiReadWrite.cpp:392 INF[7482  ] readParquet clearData cost time :76
, cost:1276ms
9.154421 PsiFactorPipeline.cpp:142 INF[7482  ] compute factorType:5447 done, cost:1079ms
al/S1020301022014010320140103_0_N.parquet.
:/root/work/Code1/dataset/original/original/S1020301022014010220140102_0_N.parquet.
16:18:20.227703 PsiStockThread.cpp:28 INF[7485  ] PsiStockThread::run pthread_setaffinity_np success, cpuCore:18
16:18:20.684256 PsiReadWrite.cpp:149 INF[7482  ] readParquet ReadTable cost time :414,filename:/root/work/Code1/dataset/original/original/S1020301022014010220140102_0_N.parquet.

